/home/rianc/Documents/Synthetic_Mirnov/signal_generation/
/home/rianc/Documents/Synthetic_Mirnov/signal_generation/input_data/C_Mod_ThinCurr_Combined-homology.h5
/home/rianc/Documents/Synthetic_Mirnov/signal_generation/C_Mod_ThinCurr_Combined-homology_job.h5
Copied mesh file to: /home/rianc/Documents/Synthetic_Mirnov/signal_generation/batch_runs/slurm_job_8840137/input_data/
Running synthetic spectrogram generation...
#----------------------------------------------
Open FUSION Toolkit Initialized
Development branch:    main
Revision id:           9106df3
Parallelization Info:
  Not compiled with MPI
  # of OpenMP threads =   21
Fortran input file    = /tmp/oft_404523/oftpyin
XML input file        = none
Integer Precisions    =    4   8
Float Precisions      =    4   8  10
Complex Precisions    =    4   8
LA backend            = native
#----------------------------------------------


Creating thin-wall model
 Orientation depth =        3417
  Loading V(t) driver coils
  Loading I(t) driver coils

  # of points    =        21643
  # of edges     =        63205
  # of cells     =        41862
  # of holes     =           56
  # of Vcoils    =            0
  # of closures  =          159
  # of Icoils    =           60

  Building holes

  Loading region resistivity:
     1  6.9000E-05
     2  3.5600E-06
     3  6.9000E-05
     4  3.5600E-06
     5  2.3000E-05
     6  6.9000E-05
     7  3.5600E-06
     8  1.6047E-03

 Loading floop information:
   # of floops =          72
 Building element->sensor inductance matrix
 Building coil->sensor inductance matrix
 Building coil<->element inductance matrices
     Time =  6s          
 Building coil<->coil inductance matrix
 Partitioning grid for block low rank compressed operators
   nBlocks =                  32
   Avg block size =          645
   # of SVD =                293
   # of ACA =                122

 Building block low rank inductance operator
   Building hole and Vcoil columns
   Building diagonal blocks
     10%
     20%
     30%
     40%
     50%
     60%
     70%
     80%
     90%
   Building off-diagonal blocks using ACA+
     10%
     20%
     30%
     40%
     50%
     60%
     70%
     80%
     90%
     Compression ratio:   9.2%  ( 3.93E+07/ 4.27E+08)
     Time =  1m 36s      
   Saving HODLR matrix to file: /home/rianc/Documents/Synthetic_Mirnov/signal_generation/batch_runs/slurm_job_8840137/input_data/HOLDR_L_C_Mod_ThinCurr_Combined-homology.h5_C_MOD_ALL.save
 Building resistivity matrix

 Starting simulation
 Timestep          100   9.99999975E-06   1.04546760E-09           1
 Timestep          200   1.99999995E-05   1.88962557E-09           1
 Timestep          300   2.99999992E-05   2.95359293E-09           1
 Timestep          400   3.99999990E-05   3.89075172E-09           1
 Timestep          500   4.99999987E-05   5.03639086E-09           1
 Timestep          600   5.99999985E-05   4.77655027E-09           1
 Timestep          700   7.00000019E-05   4.93557240E-09           1
 Timestep          800   7.99999980E-05   4.84313833E-09           1
 Timestep          900   9.00000014E-05   5.03861664E-09           1
 Timestep         1000   9.99999975E-05   4.78654183E-09           1
 Timestep         1100   1.10000001E-04   4.93907404E-09           1
 Timestep         1200   1.19999997E-04   4.84934626E-09           1
 Timestep         1300   1.30000000E-04   5.04537390E-09           1
 Timestep         1400   1.40000004E-04   4.79203166E-09           1
 Timestep         1500   1.50000007E-04   4.94942620E-09           1
 Timestep         1600   1.59999996E-04   4.85705920E-09           1
 Timestep         1700   1.69999999E-04   5.05327069E-09           1
 Timestep         1800   1.80000003E-04   4.79260009E-09           1
 Timestep         1900   1.90000006E-04   4.96325425E-09           1
 Timestep         2000   1.99999995E-04   4.86913887E-09           1
 Timestep         2100   2.09999998E-04   5.05604802E-09           1
 Timestep         2200   2.20000002E-04   4.79544848E-09           1
 Timestep         2300   2.30000005E-04   4.97339636E-09           1
 Timestep         2400   2.39999994E-04   4.89364993E-09           1
 Timestep         2500   2.50000012E-04   5.04226305E-09           1
 Timestep         2600   2.60000001E-04   4.81259610E-09           1
 Timestep         2700   2.69999990E-04   4.96719732E-09           1
 Timestep         2800   2.80000007E-04   4.93974905E-09           1
 Timestep         2900   2.89999996E-04   4.99873831E-09           1
 Timestep         3000   3.00000014E-04   4.85894391E-09           1
 Timestep         3100   3.10000003E-04   4.94139485E-09           1
 Timestep         3200   3.19999992E-04   5.00999375E-09           1
 Timestep         3300   3.30000010E-04   4.92428009E-09           1
 Timestep         3400   3.39999999E-04   4.93120300E-09           1
 Timestep         3500   3.49999988E-04   4.90584329E-09           1
 Timestep         3600   3.60000005E-04   5.07801934E-09           1
 Timestep         3700   3.69999994E-04   4.84931473E-09           1
 Timestep         3800   3.80000012E-04   4.99534503E-09           1
 Timestep         3900   3.90000001E-04   4.90326135E-09           1
 Timestep         4000   3.99999990E-04   5.08921705E-09           1
 Timestep         4100   4.10000008E-04   4.83710982E-09           1
 Timestep         4200   4.19999997E-04   4.99967356E-09           1
 Timestep         4300   4.29999985E-04   4.97740871E-09           1
 Timestep         4400   4.40000003E-04   5.00283992E-09           1
 Timestep         4500   4.49999992E-04   4.92100716E-09           1
 Timestep         4600   4.60000010E-04   4.94184915E-09           1
 Timestep         4700   4.69999999E-04   5.08953724E-09           1
 Timestep         4800   4.79999988E-04   4.87776708E-09           1
 Timestep         4900   4.90000006E-04   5.01886488E-09           1
 Timestep         5000   5.00000024E-04   4.92767649E-09           1
 Timestep         5100   5.09999983E-04   5.10063947E-09           1
 Timestep         5200   5.20000001E-04   4.87204987E-09           1
 Timestep         5300   5.30000019E-04   5.00282660E-09           1
 Timestep         5400   5.39999979E-04   5.04548314E-09           1
 Timestep         5500   5.49999997E-04   4.95506525E-09           1
 Timestep         5600   5.60000015E-04   5.00179009E-09           1
 Timestep         5700   5.69999975E-04   4.93536767E-09           1
 Timestep         5800   5.79999993E-04   4.70153516E-09           1
 Timestep         5900   5.90000011E-04   3.46875240E-09           1
 Timestep         6000   6.00000028E-04   2.57556332E-09           1
 Timestep         6100   6.09999988E-04   1.61640212E-09           1
 Timestep         6200   6.20000006E-04   5.73083470E-10           1
 Timestep         6300   6.30000024E-04   5.73244126E-11           1
 Timestep         6400   6.39999984E-04   5.72506625E-11           1
 Timestep         6500   6.50000002E-04   5.71941279E-11           1
 Timestep         6600   6.60000020E-04   5.71404798E-11           1
 Timestep         6700   6.69999979E-04   5.70881190E-11           1
 Timestep         6800   6.79999997E-04   5.70364728E-11           1
 Timestep         6900   6.90000015E-04   5.69852845E-11           1
 Timestep         7000   6.99999975E-04   5.69344363E-11           1
 Timestep         7100   7.09999993E-04   5.68838622E-11           1
 Timestep         7200   7.20000011E-04   5.68335240E-11           1
 Timestep         7300   7.30000029E-04   5.67834044E-11           1
 Timestep         7400   7.39999989E-04   5.67334825E-11           1
 Timestep         7500   7.50000007E-04   5.66837514E-11           1
 Timestep         7600   7.60000024E-04   5.66342008E-11           1
 Timestep         7700   7.69999984E-04   5.65848271E-11           1
 Timestep         7800   7.80000002E-04   5.65356199E-11           1
 Timestep         7900   7.90000020E-04   5.64865828E-11           1
 Timestep         8000   7.99999980E-04   5.64377052E-11           1
 Timestep         8100   8.09999998E-04   5.63889872E-11           1
 Timestep         8200   8.20000016E-04   5.63404219E-11           1
 Timestep         8300   8.29999975E-04   5.62920092E-11           1
 Timestep         8400   8.39999993E-04   5.62437458E-11           1
 Timestep         8500   8.50000011E-04   5.61956280E-11           1
 Timestep         8600   8.59999971E-04   5.61476560E-11           1
 Timestep         8700   8.69999989E-04   5.60998262E-11           1
 Timestep         8800   8.80000007E-04   5.60521352E-11           1
 Timestep         8900   8.90000025E-04   5.60045794E-11           1
 Timestep         9000   8.99999985E-04   5.59571625E-11           1
 Timestep         9100   9.10000002E-04   5.59098774E-11           1
 Timestep         9200   9.20000020E-04   5.58627242E-11           1
 Timestep         9300   9.29999980E-04   5.58157028E-11           1
 Timestep         9400   9.39999998E-04   5.57688062E-11           1
 Timestep         9500   9.50000016E-04   5.57220416E-11           1
 Timestep         9600   9.59999976E-04   5.56754018E-11           1
 Timestep         9700   9.69999994E-04   5.56288834E-11           1
 Timestep         9800   9.80000012E-04   5.55824935E-11           1
 Timestep         9900   9.89999971E-04   5.55362215E-11           1
 Timestep        10000   1.00000005E-03   5.54900743E-11           1

Creating thin-wall model
 Orientation depth =        3417
  Loading V(t) driver coils
  Loading I(t) driver coils

  # of points    =        21643
  # of edges     =        63205
  # of cells     =        41862
  # of holes     =           56
  # of Vcoils    =            0
  # of closures  =          159
  # of Icoils    =           60

  Building holes

  Loading region resistivity:
     1  6.9000E-05
     2  3.5600E-06
     3  6.9000E-05
     4  3.5600E-06
     5  2.3000E-05
     6  6.9000E-05
     7  3.5600E-06
     8  1.6047E-03

 Loading floop information:
   # of floops =          72
 Building element->sensor inductance matrix
 Building coil->sensor inductance matrix
 Building coil<->element inductance matrices
     Time =  5s          
 Building coil<->coil inductance matrix
 Partitioning grid for block low rank compressed operators
   nBlocks =                  32
   Avg block size =          645
   # of SVD =                293
   # of ACA =                122

 Building block low rank inductance operator
   Building hole and Vcoil columns
   Reading HODLR matrix from file: /home/rianc/Documents/Synthetic_Mirnov/signal_generation/batch_runs/slurm_job_8840137/input_data/HOLDR_L_C_Mod_ThinCurr_Combined-homology.h5_C_MOD_ALL.save
   Building diagonal blocks
     10%
     20%
     30%
     40%
     50%
     60%
     70%
     80%
     90%
   Building off-diagonal blocks using ACA+
     10%
     20%
     30%
     40%
     50%
     60%
     70%
     80%
     90%
     Compression ratio:   9.2%  ( 3.93E+07/ 4.27E+08)
     Time = 17s          
 Building resistivity matrix

 Starting simulation
 Timestep          100   9.99999975E-06   3.04069991E-10           1
 Timestep          200   1.99999995E-05   6.17038143E-10           1
 Timestep          300   2.99999992E-05   9.38483291E-10           1
 Timestep          400   3.99999990E-05   1.24316824E-09           1
 Timestep          500   4.99999987E-05   1.53092461E-09           1
 Timestep          600   5.99999985E-05   1.55713764E-09           1
 Timestep          700   7.00000019E-05   1.54721802E-09           1
 Timestep          800   7.99999980E-05   1.54089630E-09           1
 Timestep          900   9.00000014E-05   1.54374602E-09           1
 Timestep         1000   9.99999975E-05   1.55088287E-09           1
 Timestep         1100   1.10000001E-04   1.55041924E-09           1
 Timestep         1200   1.19999997E-04   1.53204960E-09           1
 Timestep         1300   1.30000000E-04   1.55763125E-09           1
 Timestep         1400   1.40000004E-04   1.55028679E-09           1
 Timestep         1500   1.50000007E-04   1.53358104E-09           1
 Timestep         1600   1.59999996E-04   1.55698388E-09           1
 Timestep         1700   1.69999999E-04   1.54869950E-09           1
 Timestep         1800   1.80000003E-04   1.54202495E-09           1
 Timestep         1900   1.90000006E-04   1.55025681E-09           1
 Timestep         2000   1.99999995E-04   1.55034330E-09           1
 Timestep         2100   2.09999998E-04   1.54933921E-09           1
 Timestep         2200   2.20000002E-04   1.54337587E-09           1
 Timestep         2300   2.30000005E-04   1.55385971E-09           1
 Timestep         2400   2.39999994E-04   1.55335300E-09           1
 Timestep         2500   2.50000012E-04   1.53933732E-09           1
 Timestep         2600   2.60000001E-04   1.55660929E-09           1
 Timestep         2700   2.69999990E-04   1.55464741E-09           1
 Timestep         2800   2.80000007E-04   1.53787028E-09           1
 Timestep         2900   2.89999996E-04   1.55870483E-09           1
 Timestep         3000   3.00000014E-04   1.55556978E-09           1
 Timestep         3100   3.10000003E-04   1.53805502E-09           1
 Timestep         3200   3.19999992E-04   1.55970881E-09           1
 Timestep         3300   3.30000010E-04   1.55639512E-09           1
 Timestep         3400   3.39999999E-04   1.53931623E-09           1
 Timestep         3500   3.49999988E-04   1.55967939E-09           1
 Timestep         3600   3.60000005E-04   1.55713198E-09           1
 Timestep         3700   3.69999994E-04   1.54195301E-09           1
 Timestep         3800   3.80000012E-04   1.55848856E-09           1
 Timestep         3900   3.90000001E-04   1.55709179E-09           1
 Timestep         4000   3.99999990E-04   1.54690516E-09           1
 Timestep         4100   4.10000008E-04   1.55634805E-09           1
 Timestep         4200   4.19999997E-04   1.55488422E-09           1
 Timestep         4300   4.29999985E-04   1.55464919E-09           1
 Timestep         4400   4.40000003E-04   1.55476010E-09           1
 Timestep         4500   4.49999992E-04   1.54944713E-09           1
 Timestep         4600   4.60000010E-04   1.56305513E-09           1
 Timestep         4700   4.69999999E-04   1.55628344E-09           1
 Timestep         4800   4.79999988E-04   1.54318058E-09           1
 Timestep         4900   4.90000006E-04   1.56654856E-09           1
 Timestep         5000   5.00000024E-04   1.56053781E-09           1
 Timestep         5100   5.09999983E-04   1.54409441E-09           1
 Timestep         5200   5.20000001E-04   1.56184554E-09           1
 Timestep         5300   5.30000019E-04   1.55984203E-09           1
 Timestep         5400   5.39999979E-04   1.55710744E-09           1
 Timestep         5500   5.49999997E-04   1.55729041E-09           1
 Timestep         5600   5.60000015E-04   1.54922863E-09           1
 Timestep         5700   5.69999975E-04   1.52995638E-09           1
 Timestep         5800   5.79999993E-04   1.21093024E-09           1
 Timestep         5900   5.90000011E-04   8.85762907E-10           1
 Timestep         6000   6.00000028E-04   5.89097160E-10           1
 Timestep         6100   6.09999988E-04   2.67496164E-10           1
 Timestep         6200   6.20000006E-04   7.75067250E-12           1
