/home/rianc/Documents/Synthetic_Mirnov/signal_generation/
/home/rianc/Documents/Synthetic_Mirnov/signal_generation/input_data/C_Mod_ThinCurr_Combined-homology.h5
/home/rianc/Documents/Synthetic_Mirnov/signal_generation/C_Mod_ThinCurr_Combined-homology_job.h5
Copied mesh file to: /home/rianc/Documents/Synthetic_Mirnov/signal_generation/batch_runs/slurm_job_8840132/input_data/
Running synthetic spectrogram generation...
#----------------------------------------------
Open FUSION Toolkit Initialized
Development branch:    main
Revision id:           9106df3
Parallelization Info:
  Not compiled with MPI
  # of OpenMP threads =   21
Fortran input file    = /tmp/oft_409866/oftpyin
XML input file        = none
Integer Precisions    =    4   8
Float Precisions      =    4   8  10
Complex Precisions    =    4   8
LA backend            = native
#----------------------------------------------


Creating thin-wall model
 Orientation depth =        3417
  Loading V(t) driver coils
  Loading I(t) driver coils

  # of points    =        21643
  # of edges     =        63205
  # of cells     =        41862
  # of holes     =           56
  # of Vcoils    =            0
  # of closures  =          159
  # of Icoils    =           60

  Building holes

  Loading region resistivity:
     1  6.9000E-05
     2  3.5600E-06
     3  6.9000E-05
     4  3.5600E-06
     5  2.3000E-05
     6  6.9000E-05
     7  3.5600E-06
     8  1.6047E-03

 Loading floop information:
   # of floops =          72
 Building element->sensor inductance matrix
 Building coil->sensor inductance matrix
 Building coil<->element inductance matrices
     Time =  5s          
 Building coil<->coil inductance matrix
 Partitioning grid for block low rank compressed operators
   nBlocks =                  32
   Avg block size =          645
   # of SVD =                293
   # of ACA =                122

 Building block low rank inductance operator
   Building hole and Vcoil columns
   Building diagonal blocks
     10%
     20%
     30%
     40%
     50%
     60%
     70%
     80%
     90%
   Building off-diagonal blocks using ACA+
     10%
     20%
     30%
     40%
     50%
     60%
     70%
     80%
     90%
     Compression ratio:   9.2%  ( 3.93E+07/ 4.27E+08)
     Time =  1m 30s      
   Saving HODLR matrix to file: /home/rianc/Documents/Synthetic_Mirnov/signal_generation/batch_runs/slurm_job_8840132/input_data/HOLDR_L_C_Mod_ThinCurr_Combined-homology.h5_C_MOD_ALL.save
 Building resistivity matrix

 Starting simulation
 Timestep          100   9.99999975E-06   7.95592273E-11           1
 Timestep          200   1.99999995E-05   1.61651623E-10           1
 Timestep          300   2.99999992E-05   2.45208243E-10           1
 Timestep          400   3.99999990E-05   3.24866106E-10           1
 Timestep          500   4.99999987E-05   4.01960992E-10           1
 Timestep          600   5.99999985E-05   4.04961592E-10           1
 Timestep          700   7.00000019E-05   4.05711353E-10           1
 Timestep          800   7.99999980E-05   4.02139849E-10           1
 Timestep          900   9.00000014E-05   4.02826300E-10           1
 Timestep         1000   9.99999975E-05   4.05293882E-10           1
 Timestep         1100   1.10000001E-04   4.03313688E-10           1
 Timestep         1200   1.19999997E-04   4.00588257E-10           1
 Timestep         1300   1.30000000E-04   4.04490469E-10           1
 Timestep         1400   1.40000004E-04   4.05175893E-10           1
 Timestep         1500   1.50000007E-04   3.98561545E-10           1
 Timestep         1600   1.59999996E-04   4.02902017E-10           1
 Timestep         1700   1.69999999E-04   4.07295891E-10           1
 Timestep         1800   1.80000003E-04   3.97448935E-10           1
 Timestep         1900   1.90000006E-04   4.00484784E-10           1
 Timestep         2000   1.99999995E-04   4.08742096E-10           1
 Timestep         2100   2.09999998E-04   3.97945010E-10           1
 Timestep         2200   2.20000002E-04   3.97915728E-10           1
 Timestep         2300   2.30000005E-04   4.08235834E-10           1
 Timestep         2400   2.39999994E-04   4.00038419E-10           1
 Timestep         2500   2.50000012E-04   3.96735783E-10           1
 Timestep         2600   2.60000001E-04   4.04823258E-10           1
 Timestep         2700   2.69999990E-04   4.02235995E-10           1
 Timestep         2800   2.80000007E-04   3.98490047E-10           1
 Timestep         2900   2.89999996E-04   3.99651312E-10           1
 Timestep         3000   3.00000014E-04   4.02454986E-10           1
 Timestep         3100   3.10000003E-04   4.02910372E-10           1
 Timestep         3200   3.19999992E-04   3.95743410E-10           1
 Timestep         3300   3.30000010E-04   3.99393074E-10           1
 Timestep         3400   3.39999999E-04   4.06581407E-10           1
 Timestep         3500   3.49999988E-04   3.96254279E-10           1
 Timestep         3600   3.60000005E-04   3.95584232E-10           1
 Timestep         3700   3.69999994E-04   4.05092127E-10           1
 Timestep         3800   3.80000012E-04   3.99980049E-10           1
 Timestep         3900   3.90000001E-04   3.96252531E-10           1
 Timestep         4000   3.99999990E-04   3.98548139E-10           1
 Timestep         4100   4.10000008E-04   4.00994876E-10           1
 Timestep         4200   4.19999997E-04   4.02157890E-10           1
 Timestep         4300   4.29999985E-04   3.94059729E-10           1
 Timestep         4400   4.40000003E-04   3.96574440E-10           1
 Timestep         4500   4.49999992E-04   4.05349809E-10           1
 Timestep         4600   4.60000010E-04   3.96964295E-10           1
 Timestep         4700   4.69999999E-04   3.93992922E-10           1
 Timestep         4800   4.79999988E-04   3.99557665E-10           1
 Timestep         4900   4.90000006E-04   4.00179695E-10           1
 Timestep         5000   5.00000024E-04   3.99882794E-10           1
 Timestep         5100   5.09999983E-04   3.93099359E-10           1
 Timestep         5200   5.20000001E-04   3.95745658E-10           1
 Timestep         5300   5.30000019E-04   4.04204753E-10           1
 Timestep         5400   5.39999979E-04   3.96353311E-10           1
 Timestep         5500   5.49999997E-04   3.93285571E-10           1
 Timestep         5600   5.60000015E-04   3.96983613E-10           1
 Timestep         5700   5.69999975E-04   3.98870381E-10           1
 Timestep         5800   5.79999993E-04   4.00965317E-10           1
 Timestep         5900   5.90000011E-04   3.92226723E-10           1
 Timestep         6000   6.00000028E-04   3.29610172E-10           1
 Timestep         6100   6.09999988E-04   2.57313088E-10           1
 Timestep         6200   6.20000006E-04   1.73347003E-10           1
 Timestep         6300   6.30000024E-04   9.52638524E-11           1
 Timestep         6400   6.39999984E-04   1.51801662E-11           1
 Timestep         6500   6.50000002E-04   2.39129723E-12           1
 Timestep         6600   6.60000020E-04   2.38577842E-12           1
 Timestep         6700   6.69999979E-04   2.38046323E-12           1
 Timestep         6800   6.79999997E-04   2.37521092E-12           1
 Timestep         6900   6.90000015E-04   2.37000523E-12           1
 Timestep         7000   6.99999975E-04   2.36483988E-12           1
 Timestep         7100   7.09999993E-04   2.35971160E-12           1
 Timestep         7200   7.20000011E-04   2.35461802E-12           1
 Timestep         7300   7.30000029E-04   2.34955718E-12           1
 Timestep         7400   7.39999989E-04   2.34452778E-12           1
 Timestep         7500   7.50000007E-04   2.33952853E-12           1
 Timestep         7600   7.60000024E-04   2.33455876E-12           1
 Timestep         7700   7.69999984E-04   2.32961740E-12           1
 Timestep         7800   7.80000002E-04   2.32470358E-12           1
 Timestep         7900   7.90000020E-04   2.31981708E-12           1
 Timestep         8000   7.99999980E-04   2.31495682E-12           1
 Timestep         8100   8.09999998E-04   2.31012258E-12           1
 Timestep         8200   8.20000016E-04   2.30531371E-12           1
 Timestep         8300   8.29999975E-04   2.30052978E-12           1
 Timestep         8400   8.39999993E-04   2.29577034E-12           1
 Timestep         8500   8.50000011E-04   2.29103520E-12           1
 Timestep         8600   8.59999971E-04   2.28632391E-12           1
 Timestep         8700   8.69999989E-04   2.28163603E-12           1
 Timestep         8800   8.80000007E-04   2.27697136E-12           1
 Timestep         8900   8.90000025E-04   2.27232968E-12           1
 Timestep         9000   8.99999985E-04   2.26771033E-12           1
 Timestep         9100   9.10000002E-04   2.26311352E-12           1
 Timestep         9200   9.20000020E-04   2.25853863E-12           1
 Timestep         9300   9.29999980E-04   2.25398541E-12           1
 Timestep         9400   9.39999998E-04   2.24945366E-12           1
 Timestep         9500   9.50000016E-04   2.24494316E-12           1
 Timestep         9600   9.59999976E-04   2.24045370E-12           1
 Timestep         9700   9.69999994E-04   2.23598505E-12           1
 Timestep         9800   9.80000012E-04   2.23153700E-12           1
 Timestep         9900   9.89999971E-04   2.22710934E-12           1
 Timestep        10000   1.00000005E-03   2.22270162E-12           1

Creating thin-wall model
 Orientation depth =        3417
  Loading V(t) driver coils
  Loading I(t) driver coils

  # of points    =        21643
  # of edges     =        63205
  # of cells     =        41862
  # of holes     =           56
  # of Vcoils    =            0
  # of closures  =          159
  # of Icoils    =           60

  Building holes

  Loading region resistivity:
     1  6.9000E-05
     2  3.5600E-06
     3  6.9000E-05
     4  3.5600E-06
     5  2.3000E-05
     6  6.9000E-05
     7  3.5600E-06
     8  1.6047E-03

 Loading floop information:
   # of floops =          72
 Building element->sensor inductance matrix
 Building coil->sensor inductance matrix
 Building coil<->element inductance matrices
     Time =  5s          
 Building coil<->coil inductance matrix
 Partitioning grid for block low rank compressed operators
   nBlocks =                  32
   Avg block size =          645
   # of SVD =                293
   # of ACA =                122

 Building block low rank inductance operator
   Building hole and Vcoil columns
   Reading HODLR matrix from file: /home/rianc/Documents/Synthetic_Mirnov/signal_generation/batch_runs/slurm_job_8840132/input_data/HOLDR_L_C_Mod_ThinCurr_Combined-homology.h5_C_MOD_ALL.save
   Building diagonal blocks
     10%
     20%
     30%
     40%
     50%
     60%
     70%
     80%
     90%
   Building off-diagonal blocks using ACA+
     10%
     20%
     30%
     40%
     50%
     60%
     70%
     80%
     90%
     Compression ratio:   9.2%  ( 3.93E+07/ 4.27E+08)
     Time = 33s          
 Building resistivity matrix

 Starting simulation
 Timestep          100   9.99999975E-06   1.31661144E-08           1
 Timestep          200   1.99999995E-05   1.20985613E-08           1
 Timestep          300   2.99999992E-05   1.22792336E-08           1
 Timestep          400   3.99999990E-05   1.31593998E-08           1
 Timestep          500   4.99999987E-05   1.31256241E-08           1
 Timestep          600   5.99999985E-05   1.21984556E-08           1
 Timestep          700   7.00000019E-05   1.21346746E-08           1
 Timestep          800   7.99999980E-05   1.32336213E-08           1
 Timestep          900   9.00000014E-05   1.30466571E-08           1
 Timestep         1000   9.99999975E-05   1.25301884E-08           1
 Timestep         1100   1.10000001E-04   1.18036043E-08           1
 Timestep         1200   1.19999997E-04   1.33291369E-08           1
 Timestep         1300   1.30000000E-04   1.29140121E-08           1
 Timestep         1400   1.40000004E-04   1.29977700E-08           1
 Timestep         1500   1.50000007E-04   1.15041310E-08           1
 Timestep         1600   1.59999996E-04   1.32205384E-08           1
 Timestep         1700   1.69999999E-04   6.67895916E-09           1
 Timestep         1800   1.80000003E-04   7.03379910E-10           1
 Timestep         1900   1.90000006E-04   7.01833092E-10           1
 Timestep         2000   1.99999995E-04   7.03639591E-10           1
 Timestep         2100   2.09999998E-04   1.30950921E-08           1
 Timestep         2200   2.20000002E-04   1.21075230E-08           1
 Timestep         2300   2.30000005E-04   1.22695161E-08           1
 Timestep         2400   2.39999994E-04   1.31337048E-08           1
 Timestep         2500   2.50000012E-04   1.31017410E-08           1
 Timestep         2600   2.60000001E-04   1.22179893E-08           1
 Timestep         2700   2.69999990E-04   1.21312000E-08           1
 Timestep         2800   2.80000007E-04   1.32119498E-08           1
 Timestep         2900   2.89999996E-04   1.30242297E-08           1
 Timestep         3000   3.00000014E-04   1.25464208E-08           1
 Timestep         3100   3.10000003E-04   1.18097381E-08           1
 Timestep         3200   3.19999992E-04   1.33116203E-08           1
 Timestep         3300   3.30000010E-04   1.28900322E-08           1
 Timestep         3400   3.39999999E-04   1.30049482E-08           1
 Timestep         3500   3.49999988E-04   1.15201608E-08           1
 Timestep         3600   3.60000005E-04   1.32093465E-08           1
 Timestep         3700   3.69999994E-04   6.67576128E-09           1
 Timestep         3800   3.80000012E-04   6.84065360E-10           1
 Timestep         3900   3.90000001E-04   6.82602808E-10           1
 Timestep         4000   3.99999990E-04   6.81374290E-10           1
 Timestep         4100   4.10000008E-04   1.30795055E-08           1
 Timestep         4200   4.19999997E-04   1.21226771E-08           1
 Timestep         4300   4.29999985E-04   1.22736843E-08           1
 Timestep         4400   4.40000003E-04   1.31125883E-08           1
 Timestep         4500   4.49999992E-04   1.30877327E-08           1
 Timestep         4600   4.60000010E-04   1.22330830E-08           1
 Timestep         4700   4.69999999E-04   1.21433166E-08           1
 Timestep         4800   4.79999988E-04   1.31956082E-08           1
 Timestep         4900   4.90000006E-04   1.30080284E-08           1
 Timestep         5000   5.00000024E-04   1.25580941E-08           1
 Timestep         5100   5.09999983E-04   1.18258559E-08           1
 Timestep         5200   5.20000001E-04   1.33000500E-08           1
 Timestep         5300   5.30000019E-04   1.28704709E-08           1
 Timestep         5400   5.39999979E-04   1.30101396E-08           1
 Timestep         5500   5.49999997E-04   1.15401786E-08           1
 Timestep         5600   5.60000015E-04   1.32057396E-08           1
 Timestep         5700   5.69999975E-04   6.65488908E-09           1
 Timestep         5800   5.79999993E-04   6.65402400E-10           1
 Timestep         5900   5.90000011E-04   6.64001132E-10           1
 Timestep         6000   6.00000028E-04   6.62839506E-10           1
 Timestep         6100   6.09999988E-04   1.30672237E-08           1
 Timestep         6200   6.20000006E-04   1.21380364E-08           1
 Timestep         6300   6.30000024E-04   1.22836648E-08           1
 Timestep         6400   6.39999984E-04   1.30959306E-08           1
 Timestep         6500   6.50000002E-04   1.30753444E-08           1
 Timestep         6600   6.60000020E-04   1.22474697E-08           1
 Timestep         6700   6.69999979E-04   1.21549197E-08           1
 Timestep         6800   6.79999997E-04   1.31809053E-08           1
 Timestep         6900   6.90000015E-04   1.29934161E-08           1
 Timestep         7000   6.99999975E-04   1.25692319E-08           1
 Timestep         7100   7.09999993E-04   1.18410552E-08           1
 Timestep         7200   7.20000011E-04   1.32896201E-08           1
 Timestep         7300   7.30000029E-04   1.28526034E-08           1
 Timestep         7400   7.39999989E-04   1.30152245E-08           1
 Timestep         7500   7.50000007E-04   1.15589422E-08           1
 Timestep         7600   7.60000024E-04   1.32048337E-08           1
 Timestep         7700   7.69999984E-04   6.64411326E-09           1
 Timestep         7800   7.80000002E-04   6.50624998E-10           1
 Timestep         7900   7.90000020E-04   6.49267973E-10           1
 Timestep         8000   7.99999980E-04   6.48155918E-10           1
 Timestep         8100   8.09999998E-04   1.30494024E-08           1
 Timestep         8200   8.20000016E-04   1.21566135E-08           1
 Timestep         8300   8.29999975E-04   1.22900472E-08           1
 Timestep         8400   8.39999993E-04   1.30860291E-08           1
 Timestep         8500   8.50000011E-04   1.30664208E-08           1
 Timestep         8600   8.59999971E-04   1.22669563E-08           1
 Timestep         8700   8.69999989E-04   1.21609416E-08           1
 Timestep         8800   8.80000007E-04   1.31728335E-08           1
 Timestep         8900   8.90000025E-04   1.29817694E-08           1
 Timestep         9000   8.99999985E-04   1.25874520E-08           1
 Timestep         9100   9.10000002E-04   1.18497461E-08           1
 Timestep         9200   9.20000020E-04   1.32837439E-08           1
 Timestep         9300   9.29999980E-04   1.28385276E-08           1
 Timestep         9400   9.39999998E-04   1.30274609E-08           1
 Timestep         9500   9.50000016E-04   1.15748486E-08           1
 Timestep         9600   9.59999976E-04   1.31979379E-08           1
 Timestep         9700   9.69999994E-04   6.67563382E-09           1
 Timestep         9800   9.80000012E-04   6.34647002E-10           1
 Timestep         9900   9.89999971E-04   6.33327335E-10           1
 Timestep        10000   1.00000005E-03   6.32260910E-10           1

Creating thin-wall model
 Orientation depth =        3417
  Loading V(t) driver coils
  Loading I(t) driver coils

  # of points    =        21643
  # of edges     =        63205
  # of cells     =        41862
  # of holes     =           56
  # of Vcoils    =            0
  # of closures  =          159
  # of Icoils    =           60

  Building holes

  Loading region resistivity:
     1  6.9000E-05
     2  3.5600E-06
     3  6.9000E-05
     4  3.5600E-06
     5  2.3000E-05
     6  6.9000E-05
     7  3.5600E-06
     8  1.6047E-03

 Loading floop information:
   # of floops =          72
 Building element->sensor inductance matrix
 Building coil->sensor inductance matrix
 Building coil<->element inductance matrices
     Time =  5s          
 Building coil<->coil inductance matrix
 Partitioning grid for block low rank compressed operators
   nBlocks =                  32
   Avg block size =          645
   # of SVD =                293
   # of ACA =                122

 Building block low rank inductance operator
   Building hole and Vcoil columns
   Reading HODLR matrix from file: /home/rianc/Documents/Synthetic_Mirnov/signal_generation/batch_runs/slurm_job_8840132/input_data/HOLDR_L_C_Mod_ThinCurr_Combined-homology.h5_C_MOD_ALL.save
   Building diagonal blocks
     10%
     20%
     30%
     40%
     50%
     60%
     70%
     80%
     90%
   Building off-diagonal blocks using ACA+
     10%
     20%
     30%
     40%
     50%
     60%
     70%
     80%
     90%
     Compression ratio:   9.2%  ( 3.93E+07/ 4.27E+08)
     Time = 25s          
 Building resistivity matrix

 Starting simulation
 Timestep          100   9.99999975E-06   2.27044050E-10           1
 Timestep          200   1.99999995E-05   6.32459973E-10           1
 Timestep          300   2.99999992E-05   9.84679338E-10           1
 Timestep          400   3.99999990E-05   9.94225258E-10           1
 Timestep          500   4.99999987E-05   8.35017333E-10           1
 Timestep          600   5.99999985E-05   1.17358845E-09           1
 Timestep          700   7.00000019E-05   1.60216007E-09           1
 Timestep          800   7.99999980E-05   1.58047286E-09           1
 Timestep          900   9.00000014E-05   1.12711429E-09           1
 Timestep         1000   9.99999975E-05   8.56176463E-10           1
 Timestep         1100   1.10000001E-04   1.31026645E-09           1
 Timestep         1200   1.19999997E-04   1.65865011E-09           1
 Timestep         1300   1.30000000E-04   1.50488322E-09           1
 Timestep         1400   1.40000004E-04   9.93412352E-10           1
 Timestep         1500   1.50000007E-04   9.31879129E-10           1
 Timestep         1600   1.59999996E-04   1.44638834E-09           1
 Timestep         1700   1.69999999E-04   1.66277836E-09           1
 Timestep         1800   1.80000003E-04   1.35574008E-09           1
 Timestep         1900   1.90000006E-04   8.73065287E-10           1
 Timestep         2000   1.99999995E-04   1.11547305E-09           1
 Timestep         2100   2.09999998E-04   1.59628899E-09           1
 Timestep         2200   2.20000002E-04   1.61824798E-09           1
 Timestep         2300   2.30000005E-04   1.15476362E-09           1
 Timestep         2400   2.39999994E-04   8.55558735E-10           1
 Timestep         2500   2.50000012E-04   1.33297762E-09           1
 Timestep         2600   2.60000001E-04   1.66943503E-09           1
 Timestep         2700   2.69999990E-04   1.45614010E-09           1
 Timestep         2800   2.80000007E-04   9.29772648E-10           1
 Timestep         2900   2.89999996E-04   1.04488151E-09           1
 Timestep         3000   3.00000014E-04   1.56610880E-09           1
 Timestep         3100   3.10000003E-04   1.64658087E-09           1
 Timestep         3200   3.19999992E-04   1.19574928E-09           1
 Timestep         3300   3.30000010E-04   8.53946691E-10           1
 Timestep         3400   3.39999999E-04   1.33349209E-09           1
 Timestep         3500   3.49999988E-04   1.67840031E-09           1
 Timestep         3600   3.60000005E-04   1.44636947E-09           1
 Timestep         3700   3.69999994E-04   9.12425191E-10           1
 Timestep         3800   3.80000012E-04   1.09452558E-09           1
 Timestep         3900   3.90000001E-04   1.60903024E-09           1
 Timestep         4000   3.99999990E-04   1.62178204E-09           1
 Timestep         4100   4.10000008E-04   1.11365861E-09           1
 Timestep         4200   4.19999997E-04   8.99691655E-10           1
 Timestep         4300   4.29999985E-04   1.44351708E-09           1
 Timestep         4400   4.40000003E-04   1.68626890E-09           1
 Timestep         4500   4.49999992E-04   1.32554911E-09           1
 Timestep         4600   4.60000010E-04   8.59372018E-10           1
 Timestep         4700   4.69999999E-04   1.26749633E-09           1
 Timestep         4800   4.79999988E-04   1.68726999E-09           1
 Timestep         4900   4.90000006E-04   1.50241619E-09           1
 Timestep         5000   5.00000024E-04   9.36353883E-10           1
 Timestep         5100   5.09999983E-04   1.08174691E-09           1
 Timestep         5200   5.20000001E-04   1.61547720E-09           1
 Timestep         5300   5.30000019E-04   1.61075264E-09           1
 Timestep         5400   5.39999979E-04   1.07297116E-09           1
 Timestep         5500   5.49999997E-04   8.67137473E-10           1
 Timestep         5600   5.60000015E-04   1.07820430E-09           1
 Timestep         5700   5.69999975E-04   8.46474335E-10           1
 Timestep         5800   5.79999993E-04   3.67070180E-10           1
 Timestep         5900   5.90000011E-04   8.56237928E-11           1
 Timestep         6000   6.00000028E-04   5.43591431E-12           1
 Timestep         6100   6.09999988E-04   5.42609794E-12           1
 Timestep         6200   6.20000006E-04   5.41784282E-12           1
 Timestep         6300   6.30000024E-04   5.40966534E-12           1
 Timestep         6400   6.39999984E-04   5.40155204E-12           1
 Timestep         6500   6.50000002E-04   5.39349771E-12           1
 Timestep         6600   6.60000020E-04   5.38549977E-12           1
 Timestep         6700   6.69999979E-04   5.37755604E-12           1
 Timestep         6800   6.79999997E-04   5.36966478E-12           1
 Timestep         6900   6.90000015E-04   5.36182383E-12           1
 Timestep         7000   6.99999975E-04   5.35403232E-12           1
 Timestep         7100   7.09999993E-04   5.34628938E-12           1
 Timestep         7200   7.20000011E-04   5.33859285E-12           1
 Timestep         7300   7.30000029E-04   5.33094228E-12           1
 Timestep         7400   7.39999989E-04   5.32333682E-12           1
 Timestep         7500   7.50000007E-04   5.31577516E-12           1
 Timestep         7600   7.60000024E-04   5.30825644E-12           1
 Timestep         7700   7.69999984E-04   5.30078021E-12           1
 Timestep         7800   7.80000002E-04   5.29334562E-12           1
 Timestep         7900   7.90000020E-04   5.28595223E-12           1
 Timestep         8000   7.99999980E-04   5.27859830E-12           1
 Timestep         8100   8.09999998E-04   5.27128428E-12           1
 Timestep         8200   8.20000016E-04   5.26400928E-12           1
 Timestep         8300   8.29999975E-04   5.25677201E-12           1
 Timestep         8400   8.39999993E-04   5.24957291E-12           1
 Timestep         8500   8.50000011E-04   5.24241024E-12           1
 Timestep         8600   8.59999971E-04   5.23528486E-12           1
 Timestep         8700   8.69999989E-04   5.22819505E-12           1
 Timestep         8800   8.80000007E-04   5.22114079E-12           1
 Timestep         8900   8.90000025E-04   5.21412167E-12           1
 Timestep         9000   8.99999985E-04   5.20713681E-12           1
 Timestep         9100   9.10000002E-04   5.20018620E-12           1
 Timestep         9200   9.20000020E-04   5.19326899E-12           1
 Timestep         9300   9.29999980E-04   5.18638518E-12           1
 Timestep         9400   9.39999998E-04   5.17953389E-12           1
 Timestep         9500   9.50000016E-04   5.17271469E-12           1
 Timestep         9600   9.59999976E-04   5.16592758E-12           1
 Timestep         9700   9.69999994E-04   5.15917170E-12           1
 Timestep         9800   9.80000012E-04   5.15244705E-12           1
 Timestep         9900   9.89999971E-04   5.14575318E-12           1
 Timestep        10000   1.00000005E-03   5.13908967E-12           1

Creating thin-wall model
 Orientation depth =        3417
  Loading V(t) driver coils
  Loading I(t) driver coils

  # of points    =        21643
  # of edges     =        63205
  # of cells     =        41862
  # of holes     =           56
  # of Vcoils    =            0
  # of closures  =          159
  # of Icoils    =           60

  Building holes

  Loading region resistivity:
     1  6.9000E-05
     2  3.5600E-06
     3  6.9000E-05
     4  3.5600E-06
     5  2.3000E-05
     6  6.9000E-05
     7  3.5600E-06
     8  1.6047E-03

 Loading floop information:
   # of floops =          72
 Building element->sensor inductance matrix
 Building coil->sensor inductance matrix
 Building coil<->element inductance matrices
     Time =  5s          
 Building coil<->coil inductance matrix
 Partitioning grid for block low rank compressed operators
   nBlocks =                  32
   Avg block size =          645
   # of SVD =                293
   # of ACA =                122

 Building block low rank inductance operator
   Building hole and Vcoil columns
   Reading HODLR matrix from file: /home/rianc/Documents/Synthetic_Mirnov/signal_generation/batch_runs/slurm_job_8840132/input_data/HOLDR_L_C_Mod_ThinCurr_Combined-homology.h5_C_MOD_ALL.save
   Building diagonal blocks
     10%
     20%
     30%
     40%
     50%
     60%
     70%
     80%
     90%
   Building off-diagonal blocks using ACA+
     10%
     20%
     30%
     40%
     50%
     60%
     70%
     80%
     90%
     Compression ratio:   9.2%  ( 3.93E+07/ 4.27E+08)
     Time = 28s          
 Building resistivity matrix

 Starting simulation
 Timestep          100   9.99999975E-06   4.42004183E-10           1
 Timestep          200   1.99999995E-05   8.44611603E-10           1
 Timestep          300   2.99999992E-05   1.24837318E-09           1
 Timestep          400   3.99999990E-05   1.65547054E-09           1
 Timestep          500   4.99999987E-05   2.18082219E-09           1
 Timestep          600   5.99999985E-05   2.18047047E-09           1
 Timestep          700   7.00000019E-05   2.06708139E-09           1
 Timestep          800   7.99999980E-05   2.06496420E-09           1
 Timestep          900   9.00000014E-05   2.11871432E-09           1
 Timestep         1000   9.99999975E-05   2.19413043E-09           1
 Timestep         1100   1.10000001E-04   2.15380003E-09           1
