/home/rianc/Documents/Synthetic_Mirnov/signal_generation/
/home/rianc/Documents/Synthetic_Mirnov/signal_generation/input_data/C_Mod_ThinCurr_Combined-homology.h5
/home/rianc/Documents/Synthetic_Mirnov/signal_generation/C_Mod_ThinCurr_Combined-homology_job.h5
Copied mesh file to: /home/rianc/Documents/Synthetic_Mirnov/signal_generation/batch_runs/slurm_job_8840138/input_data/
Running synthetic spectrogram generation...
#----------------------------------------------
Open FUSION Toolkit Initialized
Development branch:    main
Revision id:           9106df3
Parallelization Info:
  Not compiled with MPI
  # of OpenMP threads =   21
Fortran input file    = /tmp/oft_3963660/oftpyin
XML input file        = none
Integer Precisions    =    4   8
Float Precisions      =    4   8  10
Complex Precisions    =    4   8
LA backend            = native
#----------------------------------------------


Creating thin-wall model
 Orientation depth =        3417
  Loading V(t) driver coils
  Loading I(t) driver coils

  # of points    =        21643
  # of edges     =        63205
  # of cells     =        41862
  # of holes     =           56
  # of Vcoils    =            0
  # of closures  =          159
  # of Icoils    =           60

  Building holes

  Loading region resistivity:
     1  6.9000E-05
     2  3.5600E-06
     3  6.9000E-05
     4  3.5600E-06
     5  2.3000E-05
     6  6.9000E-05
     7  3.5600E-06
     8  1.6047E-03

 Loading floop information:
   # of floops =          72
 Building element->sensor inductance matrix
 Building coil->sensor inductance matrix
 Building coil<->element inductance matrices
     Time =  5s          
 Building coil<->coil inductance matrix
 Partitioning grid for block low rank compressed operators
   nBlocks =                  32
   Avg block size =          645
   # of SVD =                293
   # of ACA =                122

 Building block low rank inductance operator
   Building hole and Vcoil columns
   Building diagonal blocks
     10%
     20%
     30%
     40%
     50%
     60%
     70%
     80%
     90%
   Building off-diagonal blocks using ACA+
     10%
     20%
     30%
     40%
     50%
     60%
     70%
     80%
     90%
     Compression ratio:   9.2%  ( 3.93E+07/ 4.27E+08)
     Time =  1m 29s      
   Saving HODLR matrix to file: /home/rianc/Documents/Synthetic_Mirnov/signal_generation/batch_runs/slurm_job_8840138/input_data/HOLDR_L_C_Mod_ThinCurr_Combined-homology.h5_C_MOD_ALL.save
 Building resistivity matrix

 Starting simulation
 Timestep          100   9.99999975E-06   6.03159911E-10           1
 Timestep          200   1.99999995E-05   1.06068354E-09           1
 Timestep          300   2.99999992E-05   1.11452425E-09           1
 Timestep          400   3.99999990E-05   1.20688892E-09           1
 Timestep          500   4.99999987E-05   1.33115619E-09           1
 Timestep          600   5.99999985E-05   1.42372281E-09           1
 Timestep          700   7.00000019E-05   1.56118984E-09           1
 Timestep          800   7.99999980E-05   1.60564761E-09           1
 Timestep          900   9.00000014E-05   1.69687731E-09           1
 Timestep         1000   9.99999975E-05   1.64808855E-09           1
 Timestep         1100   1.10000001E-04   1.64923208E-09           1
 Timestep         1200   1.19999997E-04   1.48507839E-09           1
 Timestep         1300   1.30000000E-04   1.39335188E-09           1
 Timestep         1400   1.40000004E-04   1.15954113E-09           1
 Timestep         1500   1.50000007E-04   1.06989462E-09           1
 Timestep         1600   1.59999996E-04   9.75699965E-10           1
 Timestep         1700   1.69999999E-04   1.07959353E-09           1
 Timestep         1800   1.80000003E-04   1.26096855E-09           1
 Timestep         1900   1.90000006E-04   1.43576528E-09           1
 Timestep         2000   1.99999995E-04   1.61967584E-09           1
 Timestep         2100   2.09999998E-04   1.63219416E-09           1
 Timestep         2200   2.20000002E-04   1.62607450E-09           1
 Timestep         2300   2.30000005E-04   1.40182910E-09           1
 Timestep         2400   2.39999994E-04   9.36288491E-10           1
 Timestep         2500   2.50000012E-04   1.29655675E-10           1
 Timestep         2600   2.60000001E-04   3.04832132E-11           1
 Timestep         2700   2.69999990E-04   3.04271504E-11           1
 Timestep         2800   2.80000007E-04   3.03744113E-11           1
 Timestep         2900   2.89999996E-04   3.03223800E-11           1
 Timestep         3000   3.00000014E-04   3.02707373E-11           1
 Timestep         3100   3.10000003E-04   3.02193791E-11           1
 Timestep         3200   3.19999992E-04   3.01682672E-11           1
 Timestep         3300   3.30000010E-04   3.01173982E-11           1
 Timestep         3400   3.39999999E-04   6.48163301E-10           1
 Timestep         3500   3.49999988E-04   1.60836389E-09           1
 Timestep         3600   3.60000005E-04   1.69053793E-09           1
 Timestep         3700   3.69999994E-04   1.66608760E-09           1
 Timestep         3800   3.80000012E-04   1.70794645E-09           1
 Timestep         3900   3.90000001E-04   1.61910951E-09           1
 Timestep         4000   3.99999990E-04   1.60102043E-09           1
 Timestep         4100   4.10000008E-04   1.43920598E-09           1
 Timestep         4200   4.19999997E-04   1.36404288E-09           1
 Timestep         4300   4.29999985E-04   1.16211418E-09           1
 Timestep         4400   4.40000003E-04   1.08945841E-09           1
 Timestep         4500   4.49999992E-04   9.79708092E-10           1
 Timestep         4600   4.60000010E-04   1.03786846E-09           1
 Timestep         4700   4.69999999E-04   1.15403687E-09           1
 Timestep         4800   4.79999988E-04   1.31395450E-09           1
 Timestep         4900   4.90000006E-04   1.50765733E-09           1
 Timestep         5000   5.00000024E-04   1.59547031E-09           1
 Timestep         5100   5.09999983E-04   1.68572378E-09           1
 Timestep         5200   5.20000001E-04   1.59111813E-09           1
 Timestep         5300   5.30000019E-04   1.50595292E-09           1
 Timestep         5400   5.39999979E-04   1.24443589E-09           1
 Timestep         5500   5.49999997E-04   1.09428056E-09           1
 Timestep         5600   5.60000015E-04   9.68054970E-10           1
 Timestep         5700   5.69999975E-04   1.04806797E-09           1
 Timestep         5800   5.79999993E-04   4.75072426E-10           1
 Timestep         5900   5.90000011E-04   2.90232699E-11           1
 Timestep         6000   6.00000028E-04   2.89568352E-11           1
 Timestep         6100   6.09999988E-04   2.89126709E-11           1
 Timestep         6200   6.20000006E-04   2.88694138E-11           1
 Timestep         6300   6.30000024E-04   2.88265228E-11           1
 Timestep         6400   6.39999984E-04   2.87838364E-11           1
 Timestep         6500   6.50000002E-04   2.87412975E-11           1
 Timestep         6600   6.60000020E-04   2.86988853E-11           1
 Timestep         6700   6.69999979E-04   3.41282974E-10           1
 Timestep         6800   6.79999997E-04   1.17531174E-09           1
 Timestep         6900   6.90000015E-04   1.42676049E-09           1
 Timestep         7000   6.99999975E-04   1.26798105E-09           1
 Timestep         7100   7.09999993E-04   1.21398402E-09           1
 Timestep         7200   7.20000011E-04   1.06305287E-09           1
 Timestep         7300   7.30000029E-04   1.03934983E-09           1
 Timestep         7400   7.39999989E-04   9.90876825E-10           1
 Timestep         7500   7.50000007E-04   1.06232922E-09           1
 Timestep         7600   7.60000024E-04   1.17135135E-09           1
 Timestep         7700   7.69999984E-04   1.30405675E-09           1
 Timestep         7800   7.80000002E-04   1.47462353E-09           1
 Timestep         7900   7.90000020E-04   1.56504421E-09           1
 Timestep         8000   7.99999980E-04   1.67753123E-09           1
 Timestep         8100   8.09999998E-04   1.64179370E-09           1
 Timestep         8200   8.20000016E-04   1.62371250E-09           1
 Timestep         8300   8.29999975E-04   1.43367396E-09           1
 Timestep         8400   8.39999993E-04   1.29865785E-09           1
 Timestep         8500   8.50000011E-04   1.06022680E-09           1
 Timestep         8600   8.59999971E-04   1.00454589E-09           1
 Timestep         8700   8.69999989E-04   1.05177056E-09           1
 Timestep         8800   8.80000007E-04   1.24167421E-09           1
 Timestep         8900   8.90000025E-04   1.47815005E-09           1
 Timestep         9000   8.99999985E-04   1.59400815E-09           1
 Timestep         9100   9.10000002E-04   9.31721478E-10           1
 Timestep         9200   9.20000020E-04   2.80681294E-11           1
 Timestep         9300   9.29999980E-04   2.76512493E-11           1
 Timestep         9400   9.39999998E-04   2.76111564E-11           1
 Timestep         9500   9.50000016E-04   2.75725779E-11           1
 Timestep         9600   9.59999976E-04   2.75345094E-11           1
 Timestep         9700   9.69999994E-04   2.74966959E-11           1
 Timestep         9800   9.80000012E-04   2.74590455E-11           1
 Timestep         9900   9.89999971E-04   2.74215217E-11           1
 Timestep        10000   1.00000005E-03   2.73841089E-11           1

Creating thin-wall model
 Orientation depth =        3417
  Loading V(t) driver coils
  Loading I(t) driver coils

  # of points    =        21643
  # of edges     =        63205
  # of cells     =        41862
  # of holes     =           56
  # of Vcoils    =            0
  # of closures  =          159
  # of Icoils    =           60

  Building holes

  Loading region resistivity:
     1  6.9000E-05
     2  3.5600E-06
     3  6.9000E-05
     4  3.5600E-06
     5  2.3000E-05
     6  6.9000E-05
     7  3.5600E-06
     8  1.6047E-03

 Loading floop information:
   # of floops =          72
 Building element->sensor inductance matrix
 Building coil->sensor inductance matrix
 Building coil<->element inductance matrices
     Time =  5s          
 Building coil<->coil inductance matrix
 Partitioning grid for block low rank compressed operators
   nBlocks =                  32
   Avg block size =          645
   # of SVD =                293
   # of ACA =                122

 Building block low rank inductance operator
   Building hole and Vcoil columns
   Reading HODLR matrix from file: /home/rianc/Documents/Synthetic_Mirnov/signal_generation/batch_runs/slurm_job_8840138/input_data/HOLDR_L_C_Mod_ThinCurr_Combined-homology.h5_C_MOD_ALL.save
   Building diagonal blocks
     10%
     20%
     30%
     40%
     50%
     60%
     70%
     80%
     90%
   Building off-diagonal blocks using ACA+
     10%
     20%
     30%
     40%
     50%
     60%
     70%
     80%
     90%
     Compression ratio:   9.2%  ( 3.93E+07/ 4.27E+08)
     Time = 15s          
 Building resistivity matrix

 Starting simulation
 Timestep          100   9.99999975E-06   4.37053985E-13           1
 Timestep          200   1.99999995E-05   8.61570906E-13           1
 Timestep          300   2.99999992E-05   1.06964264E-12           1
 Timestep          400   3.99999990E-05   1.06597673E-12           1
 Timestep          500   4.99999987E-05   1.06092153E-12           1
 Timestep          600   5.99999985E-05   1.05535643E-12           1
 Timestep          700   7.00000019E-05   1.05015194E-12           1
 Timestep          800   7.99999980E-05   1.04583540E-12           1
 Timestep          900   9.00000014E-05   1.04262334E-12           1
 Timestep         1000   9.99999975E-05   1.04053062E-12           1
 Timestep         1100   1.10000001E-04   1.03948176E-12           1
 Timestep         1200   1.19999997E-04   1.03939286E-12           1
 Timestep         1300   1.30000000E-04   1.04022129E-12           1
 Timestep         1400   1.40000004E-04   1.04198367E-12           1
 Timestep         1500   1.50000007E-04   1.04474567E-12           1
 Timestep         1600   1.59999996E-04   1.04858234E-12           1
 Timestep         1700   1.69999999E-04   1.05350277E-12           1
 Timestep         1800   1.80000003E-04   1.05934348E-12           1
 Timestep         1900   1.90000006E-04   1.06564172E-12           1
 Timestep         2000   1.99999995E-04   1.07153457E-12           1
 Timestep         2100   2.09999998E-04   1.07575635E-12           1
 Timestep         2200   2.20000002E-04   1.07683166E-12           1
 Timestep         2300   2.30000005E-04   1.07354718E-12           1
 Timestep         2400   2.39999994E-04   1.06568660E-12           1
 Timestep         2500   2.50000012E-04   1.05481314E-12           1
 Timestep         2600   2.60000001E-04   1.04452720E-12           1
 Timestep         2700   2.69999990E-04   1.03943872E-12           1
 Timestep         2800   2.80000007E-04   1.04257477E-12           1
 Timestep         2900   2.89999996E-04   1.05231416E-12           1
 Timestep         3000   3.00000014E-04   1.06179779E-12           1
 Timestep         3100   3.10000003E-04   1.06287765E-12           1
 Timestep         3200   3.19999992E-04   1.05314726E-12           1
 Timestep         3300   3.30000010E-04   1.04088461E-12           1
 Timestep         3400   3.39999999E-04   1.04074128E-12           1
 Timestep         3500   3.49999988E-04   1.05838309E-12           1
 Timestep         3600   3.60000005E-04   1.07953739E-12           1
 Timestep         3700   3.69999994E-04   1.08231154E-12           1
 Timestep         3800   3.80000012E-04   8.63121911E-13           1
 Timestep         3900   3.90000001E-04   4.29200973E-13           1
 Timestep         4000   3.99999990E-04   1.12126723E-14           1
 Timestep         4100   4.10000008E-04   9.13955496E-15           1
 Timestep         4200   4.19999997E-04   9.09840101E-15           1
 Timestep         4300   4.29999985E-04   9.05927487E-15           1
 Timestep         4400   4.40000003E-04   9.02095510E-15           1
 Timestep         4500   4.49999992E-04   8.98325620E-15           1
 Timestep         4600   4.60000010E-04   8.94609856E-15           1
 Timestep         4700   4.69999999E-04   8.90943474E-15           1
 Timestep         4800   4.79999988E-04   8.87323001E-15           1
 Timestep         4900   4.90000006E-04   8.83745981E-15           1
 Timestep         5000   5.00000024E-04   8.80210296E-15           1
 Timestep         5100   5.09999983E-04   4.26447831E-13           1
 Timestep         5200   5.20000001E-04   8.52670636E-13           1
 Timestep         5300   5.30000019E-04   1.06520532E-12           1
 Timestep         5400   5.39999979E-04   1.06312929E-12           1
 Timestep         5500   5.49999997E-04   1.05891858E-12           1
 Timestep         5600   5.60000015E-04   1.05388886E-12           1
 Timestep         5700   5.69999975E-04   1.04903683E-12           1
 Timestep         5800   5.79999993E-04   1.04495232E-12           1
 Timestep         5900   5.90000011E-04   1.04188934E-12           1
 Timestep         6000   6.00000028E-04   1.03988595E-12           1
 Timestep         6100   6.09999988E-04   1.03887970E-12           1
 Timestep         6200   6.20000006E-04   1.03879253E-12           1
 Timestep         6300   6.30000024E-04   1.03958357E-12           1
 Timestep         6400   6.39999984E-04   1.04126853E-12           1
 Timestep         6500   6.50000002E-04   1.04391214E-12           1
 Timestep         6600   6.60000020E-04   1.04758845E-12           1
 Timestep         6700   6.69999979E-04   1.05230972E-12           1
 Timestep         6800   6.79999997E-04   1.05792079E-12           1
 Timestep         6900   6.90000015E-04   1.06397616E-12           1
 Timestep         7000   6.99999975E-04   1.06964101E-12           1
 Timestep         7100   7.09999993E-04   1.07368899E-12           1
 Timestep         7200   7.20000011E-04   1.07469188E-12           1
 Timestep         7300   7.30000029E-04   1.07148210E-12           1
 Timestep         7400   7.39999989E-04   1.06387436E-12           1
 Timestep         7500   7.50000007E-04   1.05343078E-12           1
 Timestep         7600   7.60000024E-04   1.04367610E-12           1
 Timestep         7700   7.69999984E-04   1.03931978E-12           1
 Timestep         7800   7.80000002E-04   1.04329848E-12           1
 Timestep         7900   7.90000020E-04   1.05378922E-12           1
 Timestep         8000   7.99999980E-04   1.06370446E-12           1
 Timestep         8100   8.09999998E-04   1.06476611E-12           1
 Timestep         8200   8.20000016E-04   1.05461148E-12           1
 Timestep         8300   8.29999975E-04   1.04170004E-12           1
 Timestep         8400   8.39999993E-04   1.04084406E-12           1
 Timestep         8500   8.50000011E-04   1.05769744E-12           1
 Timestep         8600   8.59999971E-04   1.07794145E-12           1
 Timestep         8700   8.69999989E-04   1.07998734E-12           1
 Timestep         8800   8.80000007E-04   8.62219421E-13           1
 Timestep         8900   8.90000025E-04   4.29836668E-13           1
 Timestep         9000   8.99999985E-04   1.11777314E-14           1
 Timestep         9100   9.10000002E-04   7.56024339E-15           1
 Timestep         9200   9.20000020E-04   7.53127571E-15           1
 Timestep         9300   9.29999980E-04   7.50424181E-15           1
 Timestep         9400   9.39999998E-04   7.47779829E-15           1
 Timestep         9500   9.50000016E-04   7.45174864E-15           1
 Timestep         9600   9.59999976E-04   7.42601154E-15           1
 Timestep         9700   9.69999994E-04   7.40054380E-15           1
 Timestep         9800   9.80000012E-04   7.37531831E-15           1
 Timestep         9900   9.89999971E-04   7.35031475E-15           1
 Timestep        10000   1.00000005E-03   7.32551786E-15           1

Creating thin-wall model
 Orientation depth =        3417
  Loading V(t) driver coils
  Loading I(t) driver coils

  # of points    =        21643
  # of edges     =        63205
  # of cells     =        41862
  # of holes     =           56
  # of Vcoils    =            0
  # of closures  =          159
  # of Icoils    =           60

  Building holes

  Loading region resistivity:
     1  6.9000E-05
     2  3.5600E-06
     3  6.9000E-05
     4  3.5600E-06
     5  2.3000E-05
     6  6.9000E-05
     7  3.5600E-06
     8  1.6047E-03

 Loading floop information:
   # of floops =          72
 Building element->sensor inductance matrix
 Building coil->sensor inductance matrix
 Building coil<->element inductance matrices
     Time =  5s          
 Building coil<->coil inductance matrix
 Partitioning grid for block low rank compressed operators
   nBlocks =                  32
   Avg block size =          645
   # of SVD =                293
   # of ACA =                122

 Building block low rank inductance operator
   Building hole and Vcoil columns
   Reading HODLR matrix from file: /home/rianc/Documents/Synthetic_Mirnov/signal_generation/batch_runs/slurm_job_8840138/input_data/HOLDR_L_C_Mod_ThinCurr_Combined-homology.h5_C_MOD_ALL.save
   Building diagonal blocks
     10%
     20%
     30%
     40%
     50%
     60%
     70%
     80%
     90%
   Building off-diagonal blocks using ACA+
     10%
     20%
     30%
     40%
     50%
     60%
     70%
     80%
     90%
     Compression ratio:   9.2%  ( 3.93E+07/ 4.27E+08)
     Time = 15s          
 Building resistivity matrix

 Starting simulation
 Timestep          100   9.99999975E-06   1.74034537E-10           1
 Timestep          200   1.99999995E-05   1.58366764E-10           1
 Timestep          300   2.99999992E-05   5.05587017E-10           1
 Timestep          400   3.99999990E-05   4.32082842E-10           1
 Timestep          500   4.99999987E-05   7.20824844E-10           1
 Timestep          600   5.99999985E-05   7.01878500E-10           1
 Timestep          700   7.00000019E-05   5.52671020E-10           1
 Timestep          800   7.99999980E-05   8.34491365E-10           1
 Timestep          900   9.00000014E-05   4.01430639E-10           1
 Timestep         1000   9.99999975E-05   8.70475692E-10           1
 Timestep         1100   1.10000001E-04   4.22390734E-10           1
 Timestep         1200   1.19999997E-04   8.09930623E-10           1
 Timestep         1300   1.30000000E-04   6.10563156E-10           1
 Timestep         1400   1.40000004E-04   6.43092801E-10           1
 Timestep         1500   1.50000007E-04   7.84300846E-10           1
 Timestep         1600   1.59999996E-04   4.45940812E-10           1
 Timestep         1700   1.69999999E-04   8.76525852E-10           1
 Timestep         1800   1.80000003E-04   4.02857137E-10           1
 Timestep         1900   1.90000006E-04   8.26759050E-10           1
 Timestep         2000   1.99999995E-04   5.84937487E-10           1
 Timestep         2100   2.09999998E-04   6.57458199E-10           1
 Timestep         2200   2.20000002E-04   7.93638044E-10           1
 Timestep         2300   2.30000005E-04   4.36958553E-10           1
 Timestep         2400   2.39999994E-04   8.76173301E-10           1
 Timestep         2500   2.50000012E-04   4.19967949E-10           1
 Timestep         2600   2.60000001E-04   8.04513400E-10           1
 Timestep         2700   2.69999990E-04   6.53847532E-10           1
 Timestep         2800   2.80000007E-04   5.83256832E-10           1
 Timestep         2900   2.89999996E-04   8.40212677E-10           1
 Timestep         3000   3.00000014E-04   3.87894356E-10           1
 Timestep         3100   3.10000003E-04   8.69015582E-10           1
 Timestep         3200   3.19999992E-04   5.31408029E-10           1
 Timestep         3300   3.30000010E-04   6.96892100E-10           1
 Timestep         3400   3.39999999E-04   7.77584719E-10           1
 Timestep         3500   3.49999988E-04   4.39125403E-10           1
 Timestep         3600   3.60000005E-04   8.85467422E-10           1
 Timestep         3700   3.69999994E-04   4.57574090E-10           1
 Timestep         3800   3.80000012E-04   7.61019914E-10           1
 Timestep         3900   3.90000001E-04   7.27208793E-10           1
 Timestep         4000   3.99999990E-04   4.88005691E-10           1
 Timestep         4100   4.10000008E-04   8.85291118E-10           1
 Timestep         4200   4.19999997E-04   4.28865665E-10           1
 Timestep         4300   4.29999985E-04   7.86324228E-10           1
 Timestep         4400   4.40000003E-04   7.08413439E-10           1
 Timestep         4500   4.49999992E-04   5.02833941E-10           1
 Timestep         4600   4.60000010E-04   8.86434148E-10           1
 Timestep         4700   4.69999999E-04   4.31226915E-10           1
 Timestep         4800   4.79999988E-04   7.80376763E-10           1
 Timestep         4900   4.90000006E-04   7.26887273E-10           1
 Timestep         5000   5.00000024E-04   4.78572904E-10           1
 Timestep         5100   5.09999983E-04   8.91255902E-10           1
 Timestep         5200   5.20000001E-04   4.65887051E-10           1
 Timestep         5300   5.30000019E-04   7.40167760E-10           1
 Timestep         5400   5.39999979E-04   7.78419162E-10           1
 Timestep         5500   5.49999997E-04   4.25114000E-10           1
 Timestep         5600   5.60000015E-04   8.86310469E-10           1
 Timestep         5700   5.69999975E-04   5.47879742E-10           1
 Timestep         5800   5.79999993E-04   6.54194865E-10           1
 Timestep         5900   5.90000011E-04   8.45511328E-10           1
 Timestep         6000   6.00000028E-04   3.89434041E-10           1
 Timestep         6100   6.09999988E-04   8.43077996E-10           1
 Timestep         6200   6.20000006E-04   6.78495204E-10           1
 Timestep         6300   6.30000024E-04   5.18317111E-10           1
 Timestep         6400   6.39999984E-04   8.90727103E-10           1
 Timestep         6500   6.50000002E-04   4.66179706E-10           1
 Timestep         6600   6.60000020E-04   7.25537908E-10           1
 Timestep         6700   6.69999979E-04   8.21013868E-10           1
 Timestep         6800   6.79999997E-04   3.97776423E-10           1
 Timestep         6900   6.90000015E-04   8.56822890E-10           1
 Timestep         7000   6.99999975E-04   6.60117239E-10           1
 Timestep         7100   7.09999993E-04   5.23607380E-10           1
 Timestep         7200   7.20000011E-04   8.99093189E-10           1
 Timestep         7300   7.30000029E-04   4.94785768E-10           1
 Timestep         7400   7.39999989E-04   6.89562629E-10           1
 Timestep         7500   7.50000007E-04   7.25602856E-10           1
 Timestep         7600   7.60000024E-04   2.57667415E-10           1
 Timestep         7700   7.69999984E-04   3.73177544E-10           1
 Timestep         7800   7.80000002E-04   1.92837982E-10           1
 Timestep         7900   7.90000020E-04   2.38151235E-11           1
 Timestep         8000   7.99999980E-04   2.85744844E-12           1
 Timestep         8100   8.09999998E-04   2.85377126E-12           1
 Timestep         8200   8.20000016E-04   2.85024283E-12           1
 Timestep         8300   8.29999975E-04   2.84674389E-12           1
 Timestep         8400   8.39999993E-04   2.84326751E-12           1
 Timestep         8500   8.50000011E-04   2.83981063E-12           1
 Timestep         8600   8.59999971E-04   2.83637220E-12           1
 Timestep         8700   8.69999989E-04   2.83295089E-12           1
 Timestep         8800   8.80000007E-04   2.82954584E-12           1
 Timestep         8900   8.90000025E-04   2.82615684E-12           1
 Timestep         9000   8.99999985E-04   2.82278324E-12           1
 Timestep         9100   9.10000002E-04   2.81942460E-12           1
 Timestep         9200   9.20000020E-04   2.81608070E-12           1
 Timestep         9300   9.29999980E-04   2.81275133E-12           1
 Timestep         9400   9.39999998E-04   2.80943606E-12           1
 Timestep         9500   9.50000016E-04   2.80613488E-12           1
 Timestep         9600   9.59999976E-04   2.80284758E-12           1
 Timestep         9700   9.69999994E-04   2.79957394E-12           1
 Timestep         9800   9.80000012E-04   2.79631374E-12           1
 Timestep         9900   9.89999971E-04   2.79306678E-12           1
 Timestep        10000   1.00000005E-03   2.78983325E-12           1

Creating thin-wall model
 Orientation depth =        3417
  Loading V(t) driver coils
  Loading I(t) driver coils

  # of points    =        21643
  # of edges     =        63205
  # of cells     =        41862
  # of holes     =           56
  # of Vcoils    =            0
  # of closures  =          159
  # of Icoils    =           60

  Building holes

  Loading region resistivity:
     1  6.9000E-05
     2  3.5600E-06
     3  6.9000E-05
     4  3.5600E-06
     5  2.3000E-05
     6  6.9000E-05
     7  3.5600E-06
     8  1.6047E-03

 Loading floop information:
   # of floops =          72
 Building element->sensor inductance matrix
 Building coil->sensor inductance matrix
 Building coil<->element inductance matrices
     Time =  5s          
 Building coil<->coil inductance matrix
 Partitioning grid for block low rank compressed operators
   nBlocks =                  32
   Avg block size =          645
   # of SVD =                293
   # of ACA =                122

 Building block low rank inductance operator
   Building hole and Vcoil columns
   Reading HODLR matrix from file: /home/rianc/Documents/Synthetic_Mirnov/signal_generation/batch_runs/slurm_job_8840138/input_data/HOLDR_L_C_Mod_ThinCurr_Combined-homology.h5_C_MOD_ALL.save
   Building diagonal blocks
     10%
     20%
     30%
     40%
     50%
     60%
     70%
     80%
     90%
   Building off-diagonal blocks using ACA+
     10%
     20%
     30%
     40%
     50%
     60%
     70%
     80%
     90%
     Compression ratio:   9.2%  ( 3.93E+07/ 4.27E+08)
     Time = 15s          
 Building resistivity matrix

 Starting simulation
 Timestep          100   9.99999975E-06   4.76156281E-10           1
 Timestep          200   1.99999995E-05   9.31367428E-10           1
 Timestep          300   2.99999992E-05   1.21536214E-09           1
 Timestep          400   3.99999990E-05   1.18677745E-09           1
 Timestep          500   4.99999987E-05   1.19638777E-09           1
 Timestep          600   5.99999985E-05   1.16231302E-09           1
 Timestep          700   7.00000019E-05   1.18756005E-09           1
 Timestep          800   7.99999980E-05   1.20464116E-09           1
 Timestep          900   9.00000014E-05   1.18153887E-09           1
 Timestep         1000   9.99999975E-05   1.18960208E-09           1
 Timestep         1100   1.10000001E-04   1.15377963E-09           1
 Timestep         1200   1.19999997E-04   1.20044308E-09           1
 Timestep         1300   1.30000000E-04   1.19396337E-09           1
 Timestep         1400   1.40000004E-04   1.18169430E-09           1
 Timestep         1500   1.50000007E-04   1.18584031E-09           1
 Timestep         1600   1.59999996E-04   1.15179821E-09           1
 Timestep         1700   1.69999999E-04   1.19356336E-09           1
 Timestep         1800   1.80000003E-04   1.19802179E-09           1
 Timestep         1900   1.90000006E-04   1.17545618E-09           1
 Timestep         2000   1.99999995E-04   1.18997057E-09           1
 Timestep         2100   2.09999998E-04   1.15838317E-09           1
 Timestep         2200   2.20000002E-04   1.16440724E-09           1
 Timestep         2300   2.30000005E-04   1.20447508E-09           1
 Timestep         2400   2.39999994E-04   1.18282961E-09           1
 Timestep         2500   2.50000012E-04   1.17663235E-09           1
 Timestep         2600   2.60000001E-04   1.18607490E-09           1
 Timestep         2700   2.69999990E-04   1.15413967E-09           1
 Timestep         2800   2.80000007E-04   1.15926135E-09           1
 Timestep         2900   2.89999996E-04   1.19872512E-09           1
 Timestep         3000   3.00000014E-04   1.18852694E-09           1
 Timestep         3100   3.10000003E-04   1.16948895E-09           1
 Timestep         3200   3.19999992E-04   8.96772712E-10           1
 Timestep         3300   3.30000010E-04   4.11073620E-10           1
 Timestep         3400   3.39999999E-04   1.46377563E-11           1
 Timestep         3500   3.49999988E-04   1.44689686E-11           1
 Timestep         3600   3.60000005E-04   1.44217685E-11           1
 Timestep         3700   3.69999994E-04   1.43751478E-11           1
