/home/rianc/Documents/Synthetic_Mirnov/signal_generation/
/home/rianc/Documents/Synthetic_Mirnov/signal_generation/input_data/C_Mod_ThinCurr_Combined-homology.h5
/home/rianc/Documents/Synthetic_Mirnov/signal_generation/C_Mod_ThinCurr_Combined-homology_job.h5
Copied mesh file to: /home/rianc/Documents/Synthetic_Mirnov/signal_generation/batch_runs/slurm_job_8840139/input_data/
Running synthetic spectrogram generation...
#----------------------------------------------
Open FUSION Toolkit Initialized
Development branch:    main
Revision id:           9106df3
Parallelization Info:
  Not compiled with MPI
  # of OpenMP threads =   21
Fortran input file    = /tmp/oft_3964154/oftpyin
XML input file        = none
Integer Precisions    =    4   8
Float Precisions      =    4   8  10
Complex Precisions    =    4   8
LA backend            = native
#----------------------------------------------


Creating thin-wall model
 Orientation depth =        3417
  Loading V(t) driver coils
  Loading I(t) driver coils

  # of points    =        21643
  # of edges     =        63205
  # of cells     =        41862
  # of holes     =           56
  # of Vcoils    =            0
  # of closures  =          159
  # of Icoils    =           60

  Building holes

  Loading region resistivity:
     1  6.9000E-05
     2  3.5600E-06
     3  6.9000E-05
     4  3.5600E-06
     5  2.3000E-05
     6  6.9000E-05
     7  3.5600E-06
     8  1.6047E-03

 Loading floop information:
   # of floops =          72
 Building element->sensor inductance matrix
 Building coil->sensor inductance matrix
 Building coil<->element inductance matrices
     Time =  5s          
 Building coil<->coil inductance matrix
 Partitioning grid for block low rank compressed operators
   nBlocks =                  32
   Avg block size =          645
   # of SVD =                293
   # of ACA =                122

 Building block low rank inductance operator
   Building hole and Vcoil columns
   Building diagonal blocks
     10%
     20%
     30%
     40%
     50%
     60%
     70%
     80%
     90%
   Building off-diagonal blocks using ACA+
     10%
     20%
     30%
     40%
     50%
     60%
     70%
     80%
     90%
     Compression ratio:   9.2%  ( 3.93E+07/ 4.27E+08)
     Time =  1m 34s      
   Saving HODLR matrix to file: /home/rianc/Documents/Synthetic_Mirnov/signal_generation/batch_runs/slurm_job_8840139/input_data/HOLDR_L_C_Mod_ThinCurr_Combined-homology.h5_C_MOD_ALL.save
 Building resistivity matrix

 Starting simulation
 Timestep          100   9.99999975E-06   2.32238695E-09           1
 Timestep          200   1.99999995E-05   4.54914018E-09           1
 Timestep          300   2.99999992E-05   6.72117606E-09           1
 Timestep          400   3.99999990E-05   9.08578457E-09           1
 Timestep          500   4.99999987E-05   1.17248353E-08           1
 Timestep          600   5.99999985E-05   1.11927090E-08           1
 Timestep          700   7.00000019E-05   1.15235608E-08           1
 Timestep          800   7.99999980E-05   1.11252909E-08           1
 Timestep          900   9.00000014E-05   1.14955139E-08           1
 Timestep         1000   9.99999975E-05   1.15835750E-08           1
 Timestep         1100   1.10000001E-04   1.12069536E-08           1
 Timestep         1200   1.19999997E-04   1.15039596E-08           1
 Timestep         1300   1.30000000E-04   1.10661462E-08           1
 Timestep         1400   1.40000004E-04   1.16376917E-08           1
 Timestep         1500   1.50000007E-04   1.14219079E-08           1
 Timestep         1600   1.59999996E-04   1.12850778E-08           1
 Timestep         1700   1.69999999E-04   1.14228422E-08           1
 Timestep         1800   1.80000003E-04   1.10923857E-08           1
 Timestep         1900   1.90000006E-04   1.17150609E-08           1
 Timestep         2000   1.99999995E-04   1.12778418E-08           1
 Timestep         2100   2.09999998E-04   1.13811058E-08           1
 Timestep         2200   2.20000002E-04   1.13043752E-08           1
 Timestep         2300   2.30000005E-04   1.11883489E-08           1
 Timestep         2400   2.39999994E-04   1.17163106E-08           1
 Timestep         2500   2.50000012E-04   1.11829834E-08           1
 Timestep         2600   2.60000001E-04   1.14562750E-08           1
 Timestep         2700   2.69999990E-04   1.11782663E-08           1
 Timestep         2800   2.80000007E-04   1.13193313E-08           1
 Timestep         2900   2.89999996E-04   1.16498118E-08           1
 Timestep         3000   3.00000014E-04   1.11491252E-08           1
 Timestep         3100   3.10000003E-04   1.14910534E-08           1
 Timestep         3200   3.19999992E-04   1.10831415E-08           1
 Timestep         3300   3.30000010E-04   1.14586811E-08           1
 Timestep         3400   3.39999999E-04   1.15410597E-08           1
 Timestep         3500   3.49999988E-04   1.11703091E-08           1
 Timestep         3600   3.60000005E-04   1.14775771E-08           1
 Timestep         3700   3.69999994E-04   1.10347633E-08           1
 Timestep         3800   3.80000012E-04   1.15740111E-08           1
 Timestep         3900   3.90000001E-04   1.14153131E-08           1
 Timestep         4000   3.99999990E-04   1.12281882E-08           1
 Timestep         4100   4.10000008E-04   1.14224319E-08           1
 Timestep         4200   4.19999997E-04   1.10380967E-08           1
 Timestep         4300   4.29999985E-04   1.16488090E-08           1
 Timestep         4400   4.40000003E-04   1.12966925E-08           1
 Timestep         4500   4.49999992E-04   1.13009708E-08           1
 Timestep         4600   4.60000010E-04   1.13398464E-08           1
 Timestep         4700   4.69999999E-04   1.10861293E-08           1
 Timestep         4800   4.79999988E-04   1.06518439E-08           1
 Timestep         4900   4.90000006E-04   7.99266608E-09           1
 Timestep         5000   5.00000024E-04   5.78530912E-09           1
 Timestep         5100   5.09999983E-04   3.41629947E-09           1
 Timestep         5200   5.20000001E-04   1.22914834E-09           1
 Timestep         5300   5.30000019E-04   1.18743779E-10           1
 Timestep         5400   5.39999979E-04   1.18414056E-10           1
 Timestep         5500   5.49999997E-04   1.18156887E-10           1
 Timestep         5600   5.60000015E-04   1.17913859E-10           1
 Timestep         5700   5.69999975E-04   1.17677465E-10           1
 Timestep         5800   5.79999993E-04   1.17445026E-10           1
 Timestep         5900   5.90000011E-04   1.17215404E-10           1
 Timestep         6000   6.00000028E-04   1.16987975E-10           1
 Timestep         6100   6.09999988E-04   1.16762405E-10           1
 Timestep         6200   6.20000006E-04   1.16538501E-10           1
 Timestep         6300   6.30000024E-04   1.16316110E-10           1
 Timestep         6400   6.39999984E-04   1.16095127E-10           1
 Timestep         6500   6.50000002E-04   1.15875469E-10           1
 Timestep         6600   6.60000020E-04   1.15657081E-10           1
 Timestep         6700   6.69999979E-04   1.15439922E-10           1
 Timestep         6800   6.79999997E-04   1.15223941E-10           1
 Timestep         6900   6.90000015E-04   1.15009120E-10           1
 Timestep         7000   6.99999975E-04   1.14795423E-10           1
 Timestep         7100   7.09999993E-04   1.14582829E-10           1
 Timestep         7200   7.20000011E-04   1.14371318E-10           1
 Timestep         7300   7.30000029E-04   1.14160875E-10           1
 Timestep         7400   7.39999989E-04   1.13951487E-10           1
 Timestep         7500   7.50000007E-04   1.13743133E-10           1
 Timestep         7600   7.60000024E-04   1.13535806E-10           1
 Timestep         7700   7.69999984E-04   1.13329485E-10           1
 Timestep         7800   7.80000002E-04   1.13124170E-10           1
 Timestep         7900   7.90000020E-04   1.12919847E-10           1
 Timestep         8000   7.99999980E-04   1.12716496E-10           1
 Timestep         8100   8.09999998E-04   1.12514123E-10           1
 Timestep         8200   8.20000016E-04   1.12312708E-10           1
 Timestep         8300   8.29999975E-04   1.12112243E-10           1
 Timestep         8400   8.39999993E-04   1.11912722E-10           1
 Timestep         8500   8.50000011E-04   1.11714131E-10           1
 Timestep         8600   8.59999971E-04   1.11516470E-10           1
 Timestep         8700   8.69999989E-04   1.11319724E-10           1
 Timestep         8800   8.80000007E-04   1.11123888E-10           1
 Timestep         8900   8.90000025E-04   1.10928954E-10           1
 Timestep         9000   8.99999985E-04   1.10734907E-10           1
 Timestep         9100   9.10000002E-04   1.10541749E-10           1
 Timestep         9200   9.20000020E-04   1.10349473E-10           1
 Timestep         9300   9.29999980E-04   1.10158063E-10           1
 Timestep         9400   9.39999998E-04   1.09967514E-10           1
 Timestep         9500   9.50000016E-04   1.09777826E-10           1
 Timestep         9600   9.59999976E-04   1.09588984E-10           1
 Timestep         9700   9.69999994E-04   1.09400988E-10           1
 Timestep         9800   9.80000012E-04   1.09213825E-10           1
 Timestep         9900   9.89999971E-04   1.09027488E-10           1
 Timestep        10000   1.00000005E-03   1.08841977E-10           1

Creating thin-wall model
 Orientation depth =        3417
  Loading V(t) driver coils
  Loading I(t) driver coils

  # of points    =        21643
  # of edges     =        63205
  # of cells     =        41862
  # of holes     =           56
  # of Vcoils    =            0
  # of closures  =          159
  # of Icoils    =           60

  Building holes

  Loading region resistivity:
     1  6.9000E-05
     2  3.5600E-06
     3  6.9000E-05
     4  3.5600E-06
     5  2.3000E-05
     6  6.9000E-05
     7  3.5600E-06
     8  1.6047E-03

 Loading floop information:
   # of floops =          72
 Building element->sensor inductance matrix
 Building coil->sensor inductance matrix
 Building coil<->element inductance matrices
     Time =  5s          
 Building coil<->coil inductance matrix
 Partitioning grid for block low rank compressed operators
   nBlocks =                  32
   Avg block size =          645
   # of SVD =                293
   # of ACA =                122

 Building block low rank inductance operator
   Building hole and Vcoil columns
   Reading HODLR matrix from file: /home/rianc/Documents/Synthetic_Mirnov/signal_generation/batch_runs/slurm_job_8840139/input_data/HOLDR_L_C_Mod_ThinCurr_Combined-homology.h5_C_MOD_ALL.save
   Building diagonal blocks
     10%
     20%
     30%
     40%
     50%
     60%
     70%
     80%
     90%
   Building off-diagonal blocks using ACA+
     10%
     20%
     30%
     40%
     50%
     60%
     70%
     80%
     90%
     Compression ratio:   9.2%  ( 3.93E+07/ 4.27E+08)
     Time = 16s          
 Building resistivity matrix

 Starting simulation
 Timestep          100   9.99999975E-06   1.19326016E-09           1
 Timestep          200   1.99999995E-05   2.15722484E-09           1
 Timestep          300   2.99999992E-05   3.41009199E-09           1
 Timestep          400   3.99999990E-05   4.73638861E-09           1
 Timestep          500   4.99999987E-05   5.51331381E-09           1
 Timestep          600   5.99999985E-05   5.58113955E-09           1
 Timestep          700   7.00000019E-05   5.89929616E-09           1
 Timestep          800   7.99999980E-05   5.57476065E-09           1
 Timestep          900   9.00000014E-05   5.54812951E-09           1
 Timestep         1000   9.99999975E-05   5.88934235E-09           1
 Timestep         1100   1.10000001E-04   5.62380009E-09           1
 Timestep         1200   1.19999997E-04   5.53487167E-09           1
 Timestep         1300   1.30000000E-04   5.88399907E-09           1
 Timestep         1400   1.40000004E-04   5.65396929E-09           1
 Timestep         1500   1.50000007E-04   5.53459500E-09           1
 Timestep         1600   1.59999996E-04   5.88790483E-09           1
 Timestep         1700   1.69999999E-04   5.66407898E-09           1
 Timestep         1800   1.80000003E-04   5.54444446E-09           1
 Timestep         1900   1.90000006E-04   5.90241855E-09           1
 Timestep         2000   1.99999995E-04   5.65389824E-09           1
 Timestep         2100   2.09999998E-04   5.56521007E-09           1
 Timestep         2200   2.20000002E-04   5.92524030E-09           1
 Timestep         2300   2.30000005E-04   5.62370506E-09           1
 Timestep         2400   2.39999994E-04   5.60090596E-09           1
 Timestep         2500   2.50000012E-04   5.94995475E-09           1
 Timestep         2600   2.60000001E-04   5.57430369E-09           1
 Timestep         2700   2.69999990E-04   5.65487923E-09           1
 Timestep         2800   2.80000007E-04   5.96544769E-09           1
 Timestep         2900   2.89999996E-04   5.51702639E-09           1
 Timestep         3000   3.00000014E-04   5.73422199E-09           1
 Timestep         3100   3.10000003E-04   5.95717875E-09           1
 Timestep         3200   3.19999992E-04   5.46645751E-09           1
 Timestep         3300   3.30000010E-04   5.83312820E-09           1
 Timestep         3400   3.39999999E-04   5.91000759E-09           1
 Timestep         3500   3.49999988E-04   5.45025669E-09           1
 Timestep         3600   3.60000005E-04   5.93314731E-09           1
 Timestep         3700   3.69999994E-04   5.81737369E-09           1
 Timestep         3800   3.80000012E-04   5.50011814E-09           1
 Timestep         3900   3.90000001E-04   5.99916161E-09           1
 Timestep         4000   3.99999990E-04   5.69529668E-09           1
 Timestep         4100   4.10000008E-04   5.63160274E-09           1
 Timestep         4200   4.19999997E-04   5.98744565E-09           1
 Timestep         4300   4.29999985E-04   5.59433033E-09           1
 Timestep         4400   4.40000003E-04   5.81781379E-09           1
 Timestep         4500   4.49999992E-04   5.87011062E-09           1
 Timestep         4600   4.60000010E-04   5.58866731E-09           1
 Timestep         4700   4.69999999E-04   5.98056271E-09           1
 Timestep         4800   4.79999988E-04   5.67480507E-09           1
 Timestep         4900   4.90000006E-04   5.72019943E-09           1
 Timestep         5000   5.00000024E-04   6.02131989E-09           1
 Timestep         5100   5.09999983E-04   5.51531798E-09           1
 Timestep         5200   5.20000001E-04   5.92723648E-09           1
 Timestep         5300   5.30000019E-04   5.89324545E-09           1
 Timestep         5400   5.39999979E-04   5.54349500E-09           1
 Timestep         5500   5.49999997E-04   6.04910211E-09           1
 Timestep         5600   5.60000015E-04   5.68510261E-09           1
 Timestep         5700   5.69999975E-04   5.78193937E-09           1
 Timestep         5800   5.79999993E-04   5.94581806E-09           1
 Timestep         5900   5.90000011E-04   5.61856117E-09           1
 Timestep         6000   6.00000028E-04   6.02539396E-09           1
 Timestep         6100   6.09999988E-04   5.67033709E-09           1
 Timestep         6200   6.20000006E-04   5.81711790E-09           1
 Timestep         6300   6.30000024E-04   6.01856431E-09           1
 Timestep         6400   6.39999984E-04   5.53190738E-09           1
 Timestep         6500   6.50000002E-04   6.05808514E-09           1
 Timestep         6600   6.60000020E-04   5.76566794E-09           1
 Timestep         6700   6.69999979E-04   5.76114001E-09           1
 Timestep         6800   6.79999997E-04   5.99535399E-09           1
 Timestep         6900   6.90000015E-04   5.64368419E-09           1
 Timestep         7000   6.99999975E-04   6.06286088E-09           1
 Timestep         7100   7.09999993E-04   5.66198377E-09           1
 Timestep         7200   7.20000011E-04   5.90114935E-09           1
 Timestep         7300   7.30000029E-04   5.99052630E-09           1
 Timestep         7400   7.39999989E-04   5.59500357E-09           1
 Timestep         7500   7.50000007E-04   6.10671425E-09           1
 Timestep         7600   7.60000024E-04   5.69061909E-09           1
 Timestep         7700   7.69999984E-04   5.96558669E-09           1
 Timestep         7800   7.80000002E-04   5.83913584E-09           1
 Timestep         7900   7.90000020E-04   5.79207127E-09           1
 Timestep         8000   7.99999980E-04   6.09126793E-09           1
 Timestep         8100   8.09999998E-04   5.40797496E-09           1
 Timestep         8200   8.20000016E-04   4.70676831E-09           1
 Timestep         8300   8.29999975E-04   3.29141958E-09           1
 Timestep         8400   8.39999993E-04   2.16213980E-09           1
 Timestep         8500   8.50000011E-04   9.72043446E-10           1
 Timestep         8600   8.59999971E-04   4.86237647E-11           1
 Timestep         8700   8.69999989E-04   4.83017307E-11           1
 Timestep         8800   8.80000007E-04   4.81995208E-11           1
 Timestep         8900   8.90000025E-04   4.81069559E-11           1
 Timestep         9000   8.99999985E-04   4.80191269E-11           1
 Timestep         9100   9.10000002E-04   4.79342781E-11           1
 Timestep         9200   9.20000020E-04   4.78515665E-11           1
 Timestep         9300   9.29999980E-04   4.77705063E-11           1
 Timestep         9400   9.39999998E-04   4.76907923E-11           1
 Timestep         9500   9.50000016E-04   4.76122128E-11           1
 Timestep         9600   9.59999976E-04   4.75346186E-11           1
 Timestep         9700   9.69999994E-04   4.74578848E-11           1
 Timestep         9800   9.80000012E-04   4.73819248E-11           1
 Timestep         9900   9.89999971E-04   4.73066586E-11           1
 Timestep        10000   1.00000005E-03   4.72320308E-11           1

Creating thin-wall model
 Orientation depth =        3417
  Loading V(t) driver coils
  Loading I(t) driver coils

  # of points    =        21643
  # of edges     =        63205
  # of cells     =        41862
  # of holes     =           56
  # of Vcoils    =            0
  # of closures  =          159
  # of Icoils    =           60

  Building holes

  Loading region resistivity:
     1  6.9000E-05
     2  3.5600E-06
     3  6.9000E-05
     4  3.5600E-06
     5  2.3000E-05
     6  6.9000E-05
     7  3.5600E-06
     8  1.6047E-03

 Loading floop information:
   # of floops =          72
 Building element->sensor inductance matrix
 Building coil->sensor inductance matrix
 Building coil<->element inductance matrices
     Time =  5s          
 Building coil<->coil inductance matrix
 Partitioning grid for block low rank compressed operators
   nBlocks =                  32
   Avg block size =          645
   # of SVD =                293
   # of ACA =                122

 Building block low rank inductance operator
   Building hole and Vcoil columns
   Reading HODLR matrix from file: /home/rianc/Documents/Synthetic_Mirnov/signal_generation/batch_runs/slurm_job_8840139/input_data/HOLDR_L_C_Mod_ThinCurr_Combined-homology.h5_C_MOD_ALL.save
   Building diagonal blocks
     10%
     20%
     30%
     40%
     50%
     60%
     70%
     80%
     90%
   Building off-diagonal blocks using ACA+
     10%
     20%
     30%
     40%
     50%
     60%
     70%
     80%
     90%
     Compression ratio:   9.2%  ( 3.93E+07/ 4.27E+08)
     Time = 16s          
 Building resistivity matrix

 Starting simulation
 Timestep          100   9.99999975E-06   5.80484445E-12           1
 Timestep          200   1.99999995E-05   5.73135463E-12           1
 Timestep          300   2.99999992E-05   5.78520652E-12           1
 Timestep          400   3.99999990E-05   5.75244583E-12           1
 Timestep          500   4.99999987E-05   5.66065250E-12           1
 Timestep          600   5.99999985E-05   5.66831001E-12           1
 Timestep          700   7.00000019E-05   5.81036564E-12           1
 Timestep          800   7.99999980E-05   5.96595559E-12           1
 Timestep          900   9.00000014E-05   6.01918645E-12           1
 Timestep         1000   9.99999975E-05   5.95458275E-12           1
 Timestep         1100   1.10000001E-04   5.83382388E-12           1
 Timestep         1200   1.19999997E-04   5.73042698E-12           1
 Timestep         1300   1.30000000E-04   5.68227670E-12           1
 Timestep         1400   1.40000004E-04   5.68450668E-12           1
 Timestep         1500   1.50000007E-04   5.71093129E-12           1
 Timestep         1600   1.59999996E-04   5.29780343E-12           1
 Timestep         1700   1.69999999E-04   1.33768688E-13           1
 Timestep         1800   1.80000003E-04   1.26339857E-13           1
 Timestep         1900   1.90000006E-04   1.25692764E-13           1
 Timestep         2000   1.99999995E-04   1.26936439E-13           1
 Timestep         2100   2.09999998E-04   5.74079629E-12           1
 Timestep         2200   2.20000002E-04   5.72779758E-12           1
 Timestep         2300   2.30000005E-04   5.79368845E-12           1
 Timestep         2400   2.39999994E-04   5.75995154E-12           1
 Timestep         2500   2.50000012E-04   5.66541822E-12           1
 Timestep         2600   2.60000001E-04   5.67124039E-12           1
 Timestep         2700   2.69999990E-04   5.80903207E-12           1
 Timestep         2800   2.80000007E-04   5.95748667E-12           1
 Timestep         2900   2.89999996E-04   6.00414380E-12           1
 Timestep         3000   3.00000014E-04   5.93704990E-12           1
 Timestep         3100   3.10000003E-04   5.81901237E-12           1
 Timestep         3200   3.19999992E-04   5.72203960E-12           1
 Timestep         3300   3.30000010E-04   5.68123413E-12           1
 Timestep         3400   3.39999999E-04   5.68949792E-12           1
 Timestep         3500   3.49999988E-04   5.71982262E-12           1
 Timestep         3600   3.60000005E-04   5.31914747E-12           1
 Timestep         3700   3.69999994E-04   1.23036035E-13           1
 Timestep         3800   3.80000012E-04   1.15051387E-13           1
 Timestep         3900   3.90000001E-04   1.14559322E-13           1
 Timestep         4000   3.99999990E-04   1.14080349E-13           1
 Timestep         4100   4.10000008E-04   5.73392202E-12           1
 Timestep         4200   4.19999997E-04   5.73143789E-12           1
 Timestep         4300   4.29999985E-04   5.80326369E-12           1
 Timestep         4400   4.40000003E-04   5.77037767E-12           1
 Timestep         4500   4.49999992E-04   5.67230377E-12           1
 Timestep         4600   4.60000010E-04   5.67177989E-12           1
 Timestep         4700   4.69999999E-04   5.80338208E-12           1
 Timestep         4800   4.79999988E-04   5.94776962E-12           1
 Timestep         4900   4.90000006E-04   5.99293098E-12           1
 Timestep         5000   5.00000024E-04   5.92664286E-12           1
 Timestep         5100   5.09999983E-04   5.81121045E-12           1
 Timestep         5200   5.20000001E-04   5.71793914E-12           1
 Timestep         5300   5.30000019E-04   5.68110316E-12           1
 Timestep         5400   5.39999979E-04   5.69290622E-12           1
 Timestep         5500   5.49999997E-04   5.72596874E-12           1
 Timestep         5600   5.60000015E-04   5.32718314E-12           1
 Timestep         5700   5.69999975E-04   1.15051184E-13           1
 Timestep         5800   5.79999993E-04   1.06622739E-13           1
 Timestep         5900   5.90000011E-04   1.06214076E-13           1
 Timestep         6000   6.00000028E-04   1.05816479E-13           1
 Timestep         6100   6.09999988E-04   5.73039272E-12           1
 Timestep         6200   6.20000006E-04   5.73514847E-12           1
 Timestep         6300   6.30000024E-04   5.81176687E-12           1
 Timestep         6400   6.39999984E-04   5.77965800E-12           1
 Timestep         6500   6.50000002E-04   5.67858260E-12           1
 Timestep         6600   6.60000020E-04   5.67272097E-12           1
 Timestep         6700   6.69999979E-04   5.79900624E-12           1
 Timestep         6800   6.79999997E-04   5.93980420E-12           1
 Timestep         6900   6.90000015E-04   5.98354049E-12           1
 Timestep         7000   6.99999975E-04   5.91780054E-12           1
 Timestep         7100   7.09999993E-04   5.80448580E-12           1
 Timestep         7200   7.20000011E-04   5.71431357E-12           1
 Timestep         7300   7.30000029E-04   5.68085119E-12           1
 Timestep         7400   7.39999989E-04   5.69569608E-12           1
 Timestep         7500   7.50000007E-04   5.73113865E-12           1
 Timestep         7600   7.60000024E-04   5.33508350E-12           1
 Timestep         7700   7.69999984E-04   1.08935315E-13           1
 Timestep         7800   7.80000002E-04   1.00056079E-13           1
 Timestep         7900   7.90000020E-04   9.96996607E-14           1
 Timestep         8000   7.99999980E-04   9.93533801E-14           1
 Timestep         8100   8.09999998E-04   5.72155344E-12           1
 Timestep         8200   8.20000016E-04   5.73818510E-12           1
 Timestep         8300   8.29999975E-04   5.81856785E-12           1
 Timestep         8400   8.39999993E-04   5.78559856E-12           1
 Timestep         8500   8.50000011E-04   5.68261063E-12           1
 Timestep         8600   8.59999971E-04   5.67558500E-12           1
 Timestep         8700   8.69999989E-04   5.79982590E-12           1
 Timestep         8800   8.80000007E-04   5.93632782E-12           1
