/home/rianc/Documents/Synthetic_Mirnov/signal_generation/
/home/rianc/Documents/Synthetic_Mirnov/signal_generation/input_data/C_Mod_ThinCurr_Combined-homology.h5
/home/rianc/Documents/Synthetic_Mirnov/signal_generation/C_Mod_ThinCurr_Combined-homology_job.h5
Copied mesh file to: /home/rianc/Documents/Synthetic_Mirnov/signal_generation/batch_runs/slurm_job_8840136/input_data/
Running synthetic spectrogram generation...
#----------------------------------------------
Open FUSION Toolkit Initialized
Development branch:    main
Revision id:           9106df3
Parallelization Info:
  Not compiled with MPI
  # of OpenMP threads =   21
Fortran input file    = /tmp/oft_403987/oftpyin
XML input file        = none
Integer Precisions    =    4   8
Float Precisions      =    4   8  10
Complex Precisions    =    4   8
LA backend            = native
#----------------------------------------------


Creating thin-wall model
 Orientation depth =        3417
  Loading V(t) driver coils
  Loading I(t) driver coils

  # of points    =        21643
  # of edges     =        63205
  # of cells     =        41862
  # of holes     =           56
  # of Vcoils    =            0
  # of closures  =          159
  # of Icoils    =           60

  Building holes

  Loading region resistivity:
     1  6.9000E-05
     2  3.5600E-06
     3  6.9000E-05
     4  3.5600E-06
     5  2.3000E-05
     6  6.9000E-05
     7  3.5600E-06
     8  1.6047E-03

 Loading floop information:
   # of floops =          72
 Building element->sensor inductance matrix
 Building coil->sensor inductance matrix
 Building coil<->element inductance matrices
     Time =  5s          
 Building coil<->coil inductance matrix
 Partitioning grid for block low rank compressed operators
   nBlocks =                  32
   Avg block size =          645
   # of SVD =                293
   # of ACA =                122

 Building block low rank inductance operator
   Building hole and Vcoil columns
   Building diagonal blocks
     10%
     20%
     30%
     40%
     50%
     60%
     70%
     80%
     90%
   Building off-diagonal blocks using ACA+
     10%
     20%
     30%
     40%
     50%
     60%
     70%
     80%
     90%
     Compression ratio:   9.2%  ( 3.93E+07/ 4.27E+08)
     Time =  1m 34s      
   Saving HODLR matrix to file: /home/rianc/Documents/Synthetic_Mirnov/signal_generation/batch_runs/slurm_job_8840136/input_data/HOLDR_L_C_Mod_ThinCurr_Combined-homology.h5_C_MOD_ALL.save
 Building resistivity matrix

 Starting simulation
 Timestep          100   9.99999975E-06   5.14473499E-11           1
 Timestep          200   1.99999995E-05   1.07257765E-10           1
 Timestep          300   2.99999992E-05   1.29971325E-10           1
 Timestep          400   3.99999990E-05   1.32544212E-10           1
 Timestep          500   4.99999987E-05   1.29760952E-10           1
 Timestep          600   5.99999985E-05   1.31952768E-10           1
 Timestep          700   7.00000019E-05   1.29686276E-10           1
 Timestep          800   7.99999980E-05   1.31227501E-10           1
 Timestep          900   9.00000014E-05   1.29801767E-10           1
 Timestep         1000   9.99999975E-05   1.30507827E-10           1
 Timestep         1100   1.10000001E-04   1.30344735E-10           1
 Timestep         1200   1.19999997E-04   1.30092784E-10           1
 Timestep         1300   1.30000000E-04   1.31541875E-10           1
 Timestep         1400   1.40000004E-04   1.30254960E-10           1
 Timestep         1500   1.50000007E-04   1.33279929E-10           1
 Timestep         1600   1.59999996E-04   1.30881306E-10           1
 Timestep         1700   1.69999999E-04   1.34779229E-10           1
 Timestep         1800   1.80000003E-04   1.31289563E-10           1
 Timestep         1900   1.90000006E-04   1.34835518E-10           1
 Timestep         2000   1.99999995E-04   1.30852149E-10           1
 Timestep         2100   2.09999998E-04   1.33028574E-10           1
 Timestep         2200   2.20000002E-04   1.30286629E-10           1
 Timestep         2300   2.30000005E-04   1.30944852E-10           1
 Timestep         2400   2.39999994E-04   1.31533617E-10           1
 Timestep         2500   2.50000012E-04   1.30803521E-10           1
 Timestep         2600   2.60000001E-04   1.34380090E-10           1
 Timestep         2700   2.69999990E-04   1.31710171E-10           1
 Timestep         2800   2.80000007E-04   1.35133960E-10           1
 Timestep         2900   2.89999996E-04   1.31047714E-10           1
 Timestep         3000   3.00000014E-04   1.32343164E-10           1
 Timestep         3100   3.10000003E-04   1.31000835E-10           1
 Timestep         3200   3.19999992E-04   1.30968458E-10           1
 Timestep         3300   3.30000010E-04   1.34392025E-10           1
 Timestep         3400   3.39999999E-04   1.32054548E-10           1
 Timestep         3500   3.49999988E-04   1.33869318E-10           1
 Timestep         3600   3.60000005E-04   7.67953479E-11           1
 Timestep         3700   3.69999994E-04   2.49997644E-11           1
 Timestep         3800   3.80000012E-04   1.85420104E-12           1
 Timestep         3900   3.90000001E-04   1.84793305E-12           1
 Timestep         4000   3.99999990E-04   1.84314239E-12           1
 Timestep         4100   4.10000008E-04   1.83846254E-12           1
 Timestep         4200   4.19999997E-04   1.83384427E-12           1
 Timestep         4300   4.29999985E-04   1.82927436E-12           1
 Timestep         4400   4.40000003E-04   1.82474738E-12           1
 Timestep         4500   4.49999992E-04   1.82026009E-12           1
 Timestep         4600   4.60000010E-04   1.81581020E-12           1
 Timestep         4700   4.69999999E-04   1.81139609E-12           1
 Timestep         4800   4.79999988E-04   1.80701623E-12           1
 Timestep         4900   4.90000006E-04   1.80266956E-12           1
 Timestep         5000   5.00000024E-04   1.79835508E-12           1
 Timestep         5100   5.09999983E-04   5.09615787E-11           1
 Timestep         5200   5.20000001E-04   1.06202720E-10           1
 Timestep         5300   5.30000019E-04   1.29805874E-10           1
 Timestep         5400   5.39999979E-04   1.32155148E-10           1
 Timestep         5500   5.49999997E-04   1.29744868E-10           1
 Timestep         5600   5.60000015E-04   1.31692726E-10           1
 Timestep         5700   5.69999975E-04   1.29675534E-10           1
 Timestep         5800   5.79999993E-04   1.31067740E-10           1
 Timestep         5900   5.90000011E-04   1.29753930E-10           1
 Timestep         6000   6.00000028E-04   1.30456076E-10           1
 Timestep         6100   6.09999988E-04   1.30235003E-10           1
 Timestep         6200   6.20000006E-04   1.30156483E-10           1
 Timestep         6300   6.30000024E-04   1.31355593E-10           1
 Timestep         6400   6.39999984E-04   1.30422798E-10           1
 Timestep         6500   6.50000002E-04   1.33018277E-10           1
 Timestep         6600   6.60000020E-04   1.31113759E-10           1
 Timestep         6700   6.69999979E-04   1.34470310E-10           1
 Timestep         6800   6.79999997E-04   1.31523417E-10           1
 Timestep         6900   6.90000015E-04   1.34542322E-10           1
 Timestep         7000   6.99999975E-04   1.31013742E-10           1
 Timestep         7100   7.09999993E-04   1.32839864E-10           1
 Timestep         7200   7.20000011E-04   1.30305849E-10           1
 Timestep         7300   7.30000029E-04   1.30932890E-10           1
 Timestep         7400   7.39999989E-04   1.31374536E-10           1
 Timestep         7500   7.50000007E-04   1.30960284E-10           1
 Timestep         7600   7.60000024E-04   1.34197875E-10           1
 Timestep         7700   7.69999984E-04   1.31948896E-10           1
 Timestep         7800   7.80000002E-04   1.34928541E-10           1
 Timestep         7900   7.90000020E-04   1.31228958E-10           1
 Timestep         8000   7.99999980E-04   1.32249406E-10           1
 Timestep         8100   8.09999998E-04   1.31012909E-10           1
 Timestep         8200   8.20000016E-04   1.31084685E-10           1
 Timestep         8300   8.29999975E-04   1.34237732E-10           1
 Timestep         8400   8.39999993E-04   1.32283060E-10           1
 Timestep         8500   8.50000011E-04   1.33779293E-10           1
 Timestep         8600   8.59999971E-04   7.70471464E-11           1
 Timestep         8700   8.69999989E-04   2.50854771E-11           1
 Timestep         8800   8.80000007E-04   1.66979722E-12           1
 Timestep         8900   8.90000025E-04   1.66449927E-12           1
 Timestep         9000   8.99999985E-04   1.66088269E-12           1
 Timestep         9100   9.10000002E-04   1.65737042E-12           1
 Timestep         9200   9.20000020E-04   1.65390325E-12           1
 Timestep         9300   9.29999980E-04   1.65046579E-12           1
 Timestep         9400   9.39999998E-04   1.64705207E-12           1
 Timestep         9500   9.50000016E-04   1.64365895E-12           1
 Timestep         9600   9.59999976E-04   1.64028480E-12           1
 Timestep         9700   9.69999994E-04   1.63692855E-12           1
 Timestep         9800   9.80000012E-04   1.63358921E-12           1
 Timestep         9900   9.89999971E-04   1.63026623E-12           1
 Timestep        10000   1.00000005E-03   1.62695920E-12           1

Creating thin-wall model
 Orientation depth =        3417
  Loading V(t) driver coils
  Loading I(t) driver coils

  # of points    =        21643
  # of edges     =        63205
  # of cells     =        41862
  # of holes     =           56
  # of Vcoils    =            0
  # of closures  =          159
  # of Icoils    =           60

  Building holes

  Loading region resistivity:
     1  6.9000E-05
     2  3.5600E-06
     3  6.9000E-05
     4  3.5600E-06
     5  2.3000E-05
     6  6.9000E-05
     7  3.5600E-06
     8  1.6047E-03

 Loading floop information:
   # of floops =          72
 Building element->sensor inductance matrix
 Building coil->sensor inductance matrix
 Building coil<->element inductance matrices
     Time =  5s          
 Building coil<->coil inductance matrix
 Partitioning grid for block low rank compressed operators
   nBlocks =                  32
   Avg block size =          645
   # of SVD =                293
   # of ACA =                122

 Building block low rank inductance operator
   Building hole and Vcoil columns
   Reading HODLR matrix from file: /home/rianc/Documents/Synthetic_Mirnov/signal_generation/batch_runs/slurm_job_8840136/input_data/HOLDR_L_C_Mod_ThinCurr_Combined-homology.h5_C_MOD_ALL.save
   Building diagonal blocks
     10%
     20%
     30%
     40%
     50%
     60%
     70%
     80%
     90%
   Building off-diagonal blocks using ACA+
     10%
     20%
     30%
     40%
     50%
     60%
     70%
     80%
     90%
     Compression ratio:   9.2%  ( 3.93E+07/ 4.27E+08)
     Time = 15s          
 Building resistivity matrix

 Starting simulation
 Timestep          100   9.99999975E-06   5.71933279E-10           1
 Timestep          200   1.99999995E-05   1.47406098E-09           1
 Timestep          300   2.99999992E-05   2.42158804E-09           1
 Timestep          400   3.99999990E-05   2.75595258E-09           1
 Timestep          500   4.99999987E-05   2.56081889E-09           1
 Timestep          600   5.99999985E-05   2.27606312E-09           1
 Timestep          700   7.00000019E-05   3.09324921E-09           1
 Timestep          800   7.99999980E-05   3.87245214E-09           1
 Timestep          900   9.00000014E-05   3.89085697E-09           1
 Timestep         1000   9.99999975E-05   3.28154592E-09           1
 Timestep         1100   1.10000001E-04   2.35523290E-09           1
 Timestep         1200   1.19999997E-04   2.36961650E-09           1
 Timestep         1300   1.30000000E-04   3.23560667E-09           1
 Timestep         1400   1.40000004E-04   3.86634191E-09           1
 Timestep         1500   1.50000007E-04   3.89128907E-09           1
 Timestep         1600   1.59999996E-04   3.16366866E-09           1
 Timestep         1700   1.69999999E-04   2.37334552E-09           1
 Timestep         1800   1.80000003E-04   2.35413178E-09           1
 Timestep         1900   1.90000006E-04   3.17697979E-09           1
 Timestep         2000   1.99999995E-04   3.86923071E-09           1
 Timestep         2100   2.09999998E-04   3.86108967E-09           1
 Timestep         2200   2.20000002E-04   3.30405681E-09           1
 Timestep         2300   2.30000005E-04   2.41267095E-09           1
 Timestep         2400   2.39999994E-04   2.26853558E-09           1
 Timestep         2500   2.50000012E-04   3.00306380E-09           1
 Timestep         2600   2.60000001E-04   3.70968700E-09           1
 Timestep         2700   2.69999990E-04   3.95107946E-09           1
 Timestep         2800   2.80000007E-04   3.47549345E-09           1
 Timestep         2900   2.89999996E-04   2.71201173E-09           1
 Timestep         3000   3.00000014E-04   2.16735141E-09           1
 Timestep         3100   3.10000003E-04   2.63416577E-09           1
 Timestep         3200   3.19999992E-04   3.45643114E-09           1
 Timestep         3300   3.30000010E-04   3.87992083E-09           1
 Timestep         3400   3.39999999E-04   3.79622245E-09           1
 Timestep         3500   3.49999988E-04   3.10325055E-09           1
 Timestep         3600   3.60000005E-04   2.38664644E-09           1
 Timestep         3700   3.69999994E-04   2.24247443E-09           1
 Timestep         3800   3.80000012E-04   2.91613356E-09           1
 Timestep         3900   3.90000001E-04   3.65020303E-09           1
 Timestep         4000   3.99999990E-04   3.88910504E-09           1
 Timestep         4100   4.10000008E-04   3.65809805E-09           1
 Timestep         4200   4.19999997E-04   2.91352142E-09           1
 Timestep         4300   4.29999985E-04   2.28285923E-09           1
 Timestep         4400   4.40000003E-04   2.30043584E-09           1
 Timestep         4500   4.49999992E-04   2.98874481E-09           1
 Timestep         4600   4.60000010E-04   3.67097819E-09           1
 Timestep         4700   4.69999999E-04   3.87281540E-09           1
 Timestep         4800   4.79999988E-04   3.64721009E-09           1
 Timestep         4900   4.90000006E-04   2.93919045E-09           1
 Timestep         5000   5.00000024E-04   2.31347097E-09           1
 Timestep         5100   5.09999983E-04   2.23291119E-09           1
 Timestep         5200   5.20000001E-04   2.84838841E-09           1
 Timestep         5300   5.30000019E-04   3.54448182E-09           1
 Timestep         5400   5.39999979E-04   3.84516508E-09           1
 Timestep         5500   5.49999997E-04   3.75866138E-09           1
 Timestep         5600   5.60000015E-04   3.17306004E-09           1
 Timestep         5700   5.69999975E-04   2.52114729E-09           1
 Timestep         5800   5.79999993E-04   2.13273399E-09           1
 Timestep         5900   5.90000011E-04   2.51159271E-09           1
 Timestep         6000   6.00000028E-04   3.20956706E-09           1
 Timestep         6100   6.09999988E-04   3.69850195E-09           1
 Timestep         6200   6.20000006E-04   3.87312005E-09           1
 Timestep         6300   6.30000024E-04   3.54437768E-09           1
 Timestep         6400   6.39999984E-04   2.99138780E-09           1
 Timestep         6500   6.50000002E-04   2.31482167E-09           1
 Timestep         6600   6.60000020E-04   2.16682894E-09           1
 Timestep         6700   6.69999979E-04   2.61367328E-09           1
 Timestep         6800   6.79999997E-04   3.24432059E-09           1
 Timestep         6900   6.90000015E-04   3.73801390E-09           1
 Timestep         7000   6.99999975E-04   3.81196719E-09           1
 Timestep         7100   7.09999993E-04   3.58864316E-09           1
 Timestep         7200   7.20000011E-04   2.98640646E-09           1
 Timestep         7300   7.30000029E-04   2.41763298E-09           1
 Timestep         7400   7.39999989E-04   2.06193862E-09           1
 Timestep         7500   7.50000007E-04   1.89879024E-09           1
 Timestep         7600   7.60000024E-04   1.77073778E-09           1
 Timestep         7700   7.69999984E-04   1.32536893E-09           1
 Timestep         7800   7.80000002E-04   6.84868440E-10           1
 Timestep         7900   7.90000020E-04   2.44008199E-11           1
 Timestep         8000   7.99999980E-04   2.42287648E-11           1
 Timestep         8100   8.09999998E-04   2.41948614E-11           1
 Timestep         8200   8.20000016E-04   2.41616518E-11           1
 Timestep         8300   8.29999975E-04   2.41287216E-11           1
 Timestep         8400   8.39999993E-04   2.40959735E-11           1
 Timestep         8500   8.50000011E-04   2.40633815E-11           1
 Timestep         8600   8.59999971E-04   2.40309300E-11           1
 Timestep         8700   8.69999989E-04   2.39986173E-11           1
 Timestep         8800   8.80000007E-04   2.39664382E-11           1
 Timestep         8900   8.90000025E-04   2.39343961E-11           1
 Timestep         9000   8.99999985E-04   2.39024859E-11           1
 Timestep         9100   9.10000002E-04   2.38707075E-11           1
 Timestep         9200   9.20000020E-04   2.38390609E-11           1
 Timestep         9300   9.29999980E-04   2.38075445E-11           1
 Timestep         9400   9.39999998E-04   2.37761547E-11           1
 Timestep         9500   9.50000016E-04   2.37448897E-11           1
 Timestep         9600   9.59999976E-04   2.37137497E-11           1
 Timestep         9700   9.69999994E-04   2.36827329E-11           1
 Timestep         9800   9.80000012E-04   2.36518340E-11           1
 Timestep         9900   9.89999971E-04   2.36210548E-11           1
 Timestep        10000   1.00000005E-03   2.35903918E-11           1

Creating thin-wall model
 Orientation depth =        3417
  Loading V(t) driver coils
  Loading I(t) driver coils

  # of points    =        21643
  # of edges     =        63205
  # of cells     =        41862
  # of holes     =           56
  # of Vcoils    =            0
  # of closures  =          159
  # of Icoils    =           60

  Building holes

  Loading region resistivity:
     1  6.9000E-05
     2  3.5600E-06
     3  6.9000E-05
     4  3.5600E-06
     5  2.3000E-05
     6  6.9000E-05
     7  3.5600E-06
     8  1.6047E-03

 Loading floop information:
   # of floops =          72
 Building element->sensor inductance matrix
 Building coil->sensor inductance matrix
 Building coil<->element inductance matrices
     Time =  5s          
 Building coil<->coil inductance matrix
 Partitioning grid for block low rank compressed operators
   nBlocks =                  32
   Avg block size =          645
   # of SVD =                293
   # of ACA =                122

 Building block low rank inductance operator
   Building hole and Vcoil columns
   Reading HODLR matrix from file: /home/rianc/Documents/Synthetic_Mirnov/signal_generation/batch_runs/slurm_job_8840136/input_data/HOLDR_L_C_Mod_ThinCurr_Combined-homology.h5_C_MOD_ALL.save
   Building diagonal blocks
     10%
     20%
     30%
     40%
     50%
     60%
     70%
     80%
     90%
   Building off-diagonal blocks using ACA+
     10%
     20%
     30%
     40%
     50%
     60%
     70%
     80%
     90%
     Compression ratio:   9.2%  ( 3.93E+07/ 4.27E+08)
     Time = 15s          
 Building resistivity matrix

 Starting simulation
 Timestep          100   9.99999975E-06   1.64100705E-10           1
 Timestep          200   1.99999995E-05   3.33731515E-10           1
 Timestep          300   2.99999992E-05   4.92595853E-10           1
 Timestep          400   3.99999990E-05   6.61348754E-10           1
 Timestep          500   4.99999987E-05   8.36818226E-10           1
 Timestep          600   5.99999985E-05   8.17047818E-10           1
 Timestep          700   7.00000019E-05   8.18270063E-10           1
 Timestep          800   7.99999980E-05   8.37381220E-10           1
 Timestep          900   9.00000014E-05   8.19665502E-10           1
 Timestep         1000   9.99999975E-05   8.13204504E-10           1
 Timestep         1100   1.10000001E-04   8.33992986E-10           1
 Timestep         1200   1.19999997E-04   8.22814816E-10           1
 Timestep         1300   1.30000000E-04   8.11578804E-10           1
 Timestep         1400   1.40000004E-04   8.29253499E-10           1
 Timestep         1500   1.50000007E-04   8.24513513E-10           1
 Timestep         1600   1.59999996E-04   8.11609890E-10           1
 Timestep         1700   1.69999999E-04   8.25147617E-10           1
 Timestep         1800   1.80000003E-04   8.24791457E-10           1
 Timestep         1900   1.90000006E-04   8.11706202E-10           1
 Timestep         2000   1.99999995E-04   8.22465374E-10           1
 Timestep         2100   2.09999998E-04   8.24190771E-10           1
 Timestep         2200   2.20000002E-04   8.11014145E-10           1
 Timestep         2300   2.30000005E-04   8.21368695E-10           1
 Timestep         2400   2.39999994E-04   8.23015434E-10           1
 Timestep         2500   2.50000012E-04   8.09342926E-10           1
 Timestep         2600   2.60000001E-04   8.21604396E-10           1
 Timestep         2700   2.69999990E-04   8.20806201E-10           1
 Timestep         2800   2.80000007E-04   8.07023004E-10           1
 Timestep         2900   2.89999996E-04   8.23475899E-10           1
 Timestep         3000   3.00000014E-04   8.17521495E-10           1
 Timestep         3100   3.10000003E-04   8.05241651E-10           1
 Timestep         3200   3.19999992E-04   8.25900737E-10           1
 Timestep         3300   3.30000010E-04   8.12568013E-10           1
 Timestep         3400   3.39999999E-04   8.05707223E-10           1
 Timestep         3500   3.49999988E-04   8.26832269E-10           1
 Timestep         3600   3.60000005E-04   8.06867295E-10           1
 Timestep         3700   3.69999994E-04   8.09643352E-10           1
 Timestep         3800   3.80000012E-04   8.23239865E-10           1
 Timestep         3900   3.90000001E-04   8.03771549E-10           1
 Timestep         4000   3.99999990E-04   8.15415568E-10           1
 Timestep         4100   4.10000008E-04   8.13682399E-10           1
 Timestep         4200   4.19999997E-04   8.07632516E-10           1
 Timestep         4300   4.29999985E-04   8.17250823E-10           1
 Timestep         4400   4.40000003E-04   8.02838629E-10           1
 Timestep         4500   4.49999992E-04   8.17446111E-10           1
 Timestep         4600   4.60000010E-04   8.10159273E-10           1
 Timestep         4700   4.69999999E-04   8.01084643E-10           1
 Timestep         4800   4.79999988E-04   8.21925694E-10           1
 Timestep         4900   4.90000006E-04   8.00689792E-10           1
 Timestep         5000   5.00000024E-04   8.10314482E-10           1
 Timestep         5100   5.09999983E-04   8.10855327E-10           1
 Timestep         5200   5.20000001E-04   8.04907252E-10           1
 Timestep         5300   5.30000019E-04   8.13228651E-10           1
 Timestep         5400   5.39999979E-04   7.97554245E-10           1
 Timestep         5500   5.49999997E-04   8.18100587E-10           1
 Timestep         5600   5.60000015E-04   8.00907285E-10           1
 Timestep         5700   5.69999975E-04   8.04434519E-10           1
 Timestep         5800   5.79999993E-04   8.11515299E-10           1
 Timestep         5900   5.90000011E-04   8.00778999E-10           1
 Timestep         6000   6.00000028E-04   8.11073764E-10           1
 Timestep         6100   6.09999988E-04   7.95056021E-10           1
 Timestep         6200   6.20000006E-04   8.16203216E-10           1
 Timestep         6300   6.30000024E-04   7.96919031E-10           1
 Timestep         6400   6.39999984E-04   8.05273626E-10           1
 Timestep         6500   6.50000002E-04   8.03725586E-10           1
 Timestep         6600   6.60000020E-04   8.04104727E-10           1
 Timestep         6700   6.69999979E-04   8.04732947E-10           1
 Timestep         6800   6.79999997E-04   7.94560973E-10           1
 Timestep         6900   6.90000015E-04   8.12492906E-10           1
 Timestep         7000   6.99999975E-04   7.94130650E-10           1
 Timestep         7100   7.09999993E-04   8.07757583E-10           1
 Timestep         7200   7.20000011E-04   7.91405497E-10           1
 Timestep         7300   7.30000029E-04   8.12504120E-10           1
 Timestep         7400   7.39999989E-04   7.92003241E-10           1
 Timestep         7500   7.50000007E-04   8.04672162E-10           1
 Timestep         7600   7.60000024E-04   7.93692334E-10           1
 Timestep         7700   7.69999984E-04   8.08248524E-10           1
 Timestep         7800   7.80000002E-04   7.93223376E-10           1
 Timestep         7900   7.90000020E-04   8.00154831E-10           1
 Timestep         8000   7.99999980E-04   7.95887745E-10           1
 Timestep         8100   8.09999998E-04   8.03889455E-10           1
 Timestep         8200   8.20000016E-04   7.93683452E-10           1
 Timestep         8300   8.29999975E-04   7.97104716E-10           1
 Timestep         8400   8.39999993E-04   7.95804755E-10           1
 Timestep         8500   8.50000011E-04   7.42597039E-10           1
 Timestep         8600   8.59999971E-04   5.74772951E-10           1
 Timestep         8700   8.69999989E-04   4.17267387E-10           1
 Timestep         8800   8.80000007E-04   2.58727872E-10           1
 Timestep         8900   8.90000025E-04   1.02402434E-10           1
 Timestep         9000   8.99999985E-04   3.19904216E-12           1
 Timestep         9100   9.10000002E-04   3.17375401E-12           1
 Timestep         9200   9.20000020E-04   3.16444202E-12           1
 Timestep         9300   9.29999980E-04   3.15541863E-12           1
 Timestep         9400   9.39999998E-04   3.14647852E-12           1
 Timestep         9500   9.50000016E-04   3.13757527E-12           1
 Timestep         9600   9.59999976E-04   3.12869479E-12           1
 Timestep         9700   9.69999994E-04   3.11983338E-12           1
 Timestep         9800   9.80000012E-04   3.11099150E-12           1
 Timestep         9900   9.89999971E-04   3.10217065E-12           1
 Timestep        10000   1.00000005E-03   3.09337343E-12           1

Creating thin-wall model
 Orientation depth =        3417
  Loading V(t) driver coils
  Loading I(t) driver coils

  # of points    =        21643
  # of edges     =        63205
  # of cells     =        41862
  # of holes     =           56
  # of Vcoils    =            0
  # of closures  =          159
  # of Icoils    =           60

  Building holes

  Loading region resistivity:
     1  6.9000E-05
     2  3.5600E-06
     3  6.9000E-05
     4  3.5600E-06
     5  2.3000E-05
     6  6.9000E-05
     7  3.5600E-06
     8  1.6047E-03

 Loading floop information:
   # of floops =          72
 Building element->sensor inductance matrix
 Building coil->sensor inductance matrix
 Building coil<->element inductance matrices
     Time =  5s          
 Building coil<->coil inductance matrix
 Partitioning grid for block low rank compressed operators
   nBlocks =                  32
   Avg block size =          645
   # of SVD =                293
   # of ACA =                122

 Building block low rank inductance operator
   Building hole and Vcoil columns
   Reading HODLR matrix from file: /home/rianc/Documents/Synthetic_Mirnov/signal_generation/batch_runs/slurm_job_8840136/input_data/HOLDR_L_C_Mod_ThinCurr_Combined-homology.h5_C_MOD_ALL.save
   Building diagonal blocks
     10%
     20%
     30%
     40%
     50%
     60%
     70%
     80%
     90%
   Building off-diagonal blocks using ACA+
     10%
     20%
     30%
     40%
     50%
     60%
     70%
     80%
     90%
     Compression ratio:   9.2%  ( 3.93E+07/ 4.27E+08)
     Time = 15s          
 Building resistivity matrix

 Starting simulation
 Timestep          100   9.99999975E-06   1.74872450E-10           1
 Timestep          200   1.99999995E-05   3.63622965E-10           1
 Timestep          300   2.99999992E-05   5.32426103E-10           1
 Timestep          400   3.99999990E-05   7.21001536E-10           1
 Timestep          500   4.99999987E-05   8.88483898E-10           1
 Timestep          600   5.99999985E-05   8.97720953E-10           1
 Timestep          700   7.00000019E-05   8.87403651E-10           1
 Timestep          800   7.99999980E-05   8.96936359E-10           1
 Timestep          900   9.00000014E-05   8.86844820E-10           1
 Timestep         1000   9.99999975E-05   8.96439700E-10           1
 Timestep         1100   1.10000001E-04   8.86443918E-10           1
 Timestep         1200   1.19999997E-04   8.96038410E-10           1
 Timestep         1300   1.30000000E-04   8.86108353E-10           1
 Timestep         1400   1.40000004E-04   8.95681807E-10           1
 Timestep         1500   1.50000007E-04   8.85808038E-10           1
 Timestep         1600   1.59999996E-04   8.95350516E-10           1
 Timestep         1700   1.69999999E-04   8.85530038E-10           1
 Timestep         1800   1.80000003E-04   8.95035546E-10           1
 Timestep         1900   1.90000006E-04   8.85267915E-10           1
 Timestep         2000   1.99999995E-04   8.94732066E-10           1
