/home/rianc/Documents/Synthetic_Mirnov/signal_generation/
/home/rianc/Documents/Synthetic_Mirnov/signal_generation/input_data/C_Mod_ThinCurr_Combined-homology.h5
/home/rianc/Documents/Synthetic_Mirnov/signal_generation/C_Mod_ThinCurr_Combined-homology_job.h5
Copied mesh file to: /home/rianc/Documents/Synthetic_Mirnov/signal_generation/batch_runs/slurm_job_8840133/input_data/
Running synthetic spectrogram generation...
#----------------------------------------------
Open FUSION Toolkit Initialized
Development branch:    main
Revision id:           9106df3
Parallelization Info:
  Not compiled with MPI
  # of OpenMP threads =   21
Fortran input file    = /tmp/oft_409867/oftpyin
XML input file        = none
Integer Precisions    =    4   8
Float Precisions      =    4   8  10
Complex Precisions    =    4   8
LA backend            = native
#----------------------------------------------


Creating thin-wall model
 Orientation depth =        3417
  Loading V(t) driver coils
  Loading I(t) driver coils

  # of points    =        21643
  # of edges     =        63205
  # of cells     =        41862
  # of holes     =           56
  # of Vcoils    =            0
  # of closures  =          159
  # of Icoils    =           60

  Building holes

  Loading region resistivity:
     1  6.9000E-05
     2  3.5600E-06
     3  6.9000E-05
     4  3.5600E-06
     5  2.3000E-05
     6  6.9000E-05
     7  3.5600E-06
     8  1.6047E-03

 Loading floop information:
   # of floops =          72
 Building element->sensor inductance matrix
 Building coil->sensor inductance matrix
 Building coil<->element inductance matrices
     Time =  6s          
 Building coil<->coil inductance matrix
 Partitioning grid for block low rank compressed operators
   nBlocks =                  32
   Avg block size =          645
   # of SVD =                293
   # of ACA =                122

 Building block low rank inductance operator
   Building hole and Vcoil columns
   Building diagonal blocks
     10%
     20%
     30%
     40%
     50%
     60%
     70%
     80%
     90%
   Building off-diagonal blocks using ACA+
     10%
     20%
     30%
     40%
     50%
     60%
     70%
     80%
     90%
     Compression ratio:   9.2%  ( 3.93E+07/ 4.27E+08)
     Time =  1m 42s      
   Saving HODLR matrix to file: /home/rianc/Documents/Synthetic_Mirnov/signal_generation/batch_runs/slurm_job_8840133/input_data/HOLDR_L_C_Mod_ThinCurr_Combined-homology.h5_C_MOD_ALL.save
 Building resistivity matrix

 Starting simulation
 Timestep          100   9.99999975E-06   2.67238481E-10           1
 Timestep          200   1.99999995E-05   3.35465100E-10           1
 Timestep          300   2.99999992E-05   8.12666434E-10           1
 Timestep          400   3.99999990E-05   6.96677493E-10           1
 Timestep          500   4.99999987E-05   1.32136868E-09           1
 Timestep          600   5.99999985E-05   8.87529494E-10           1
 Timestep          700   7.00000019E-05   1.30678912E-09           1
 Timestep          800   7.99999980E-05   9.30770405E-10           1
 Timestep          900   9.00000014E-05   1.27309263E-09           1
 Timestep         1000   9.99999975E-05   9.52330215E-10           1
 Timestep         1100   1.10000001E-04   1.25688415E-09           1
 Timestep         1200   1.19999997E-04   9.92895322E-10           1
 Timestep         1300   1.30000000E-04   1.22708277E-09           1
 Timestep         1400   1.40000004E-04   1.00552866E-09           1
 Timestep         1500   1.50000007E-04   1.21627586E-09           1
 Timestep         1600   1.59999996E-04   1.03538789E-09           1
 Timestep         1700   1.69999999E-04   1.19571231E-09           1
 Timestep         1800   1.80000003E-04   1.03560027E-09           1
 Timestep         1900   1.90000006E-04   1.19454102E-09           1
 Timestep         2000   1.99999995E-04   1.05265630E-09           1
 Timestep         2100   2.09999998E-04   1.18533861E-09           1
 Timestep         2200   2.20000002E-04   1.03989073E-09           1
 Timestep         2300   2.30000005E-04   1.19548338E-09           1
 Timestep         2400   2.39999994E-04   1.04379561E-09           1
 Timestep         2500   2.50000012E-04   1.19755927E-09           1
 Timestep         2600   2.60000001E-04   1.01854269E-09           1
 Timestep         2700   2.69999990E-04   1.21746402E-09           1
 Timestep         2800   2.80000007E-04   1.01019759E-09           1
 Timestep         2900   2.89999996E-04   1.22854105E-09           1
 Timestep         3000   3.00000014E-04   9.73896186E-10           1
 Timestep         3100   3.10000003E-04   1.25712929E-09           1
 Timestep         3200   3.19999992E-04   9.54434420E-10           1
 Timestep         3300   3.30000010E-04   1.27304522E-09           1
 Timestep         3400   3.39999999E-04   9.10976405E-10           1
 Timestep         3500   3.49999988E-04   1.30433797E-09           1
 Timestep         3600   3.60000005E-04   8.87609874E-10           1
 Timestep         3700   3.69999994E-04   1.31654410E-09           1
 Timestep         3800   3.80000012E-04   8.50772564E-10           1
 Timestep         3900   3.90000001E-04   1.33988576E-09           1
 Timestep         4000   3.99999990E-04   8.41476666E-10           1
 Timestep         4100   4.10000008E-04   1.33531108E-09           1
 Timestep         4200   4.19999997E-04   8.37821978E-10           1
 Timestep         4300   4.29999985E-04   1.33585076E-09           1
 Timestep         4400   4.40000003E-04   8.67868000E-10           1
 Timestep         4500   4.49999992E-04   1.29886990E-09           1
 Timestep         4600   4.60000010E-04   9.19888776E-10           1
 Timestep         4700   4.69999999E-04   1.26170629E-09           1
 Timestep         4800   4.79999988E-04   9.94692662E-10           1
 Timestep         4900   4.90000006E-04   1.18139576E-09           1
 Timestep         5000   5.00000024E-04   1.08837461E-09           1
 Timestep         5100   5.09999983E-04   1.10307707E-09           1
 Timestep         5200   5.20000001E-04   1.17599874E-09           1
 Timestep         5300   5.30000019E-04   9.91752791E-10           1
 Timestep         5400   5.39999979E-04   1.26422173E-09           1
 Timestep         5500   5.49999997E-04   9.07160180E-10           1
 Timestep         5600   5.60000015E-04   1.31328648E-09           1
 Timestep         5700   5.69999975E-04   8.38447978E-10           1
 Timestep         5800   5.79999993E-04   1.34167299E-09           1
 Timestep         5900   5.90000011E-04   8.47478532E-10           1
 Timestep         6000   6.00000028E-04   1.30507993E-09           1
 Timestep         6100   6.09999988E-04   9.22065480E-10           1
 Timestep         6200   6.20000006E-04   1.23803423E-09           1
 Timestep         6300   6.30000024E-04   1.04517406E-09           1
